This file contains any messages produced by compilers while
running configure, to aid debugging if configure makes a mistake.

It was created by configure, which was
generated by GNU Autoconf 2.68.  Invocation command line was

  $ ./configure --enable-ipv6 --disable-odbc --disable-sdl --disable-lua --disable-expat

## --------- ##
## Platform. ##
## --------- ##

hostname = janhh4
uname -m = x86_64
uname -r = 3.19.0-59-generic
uname -s = Linux
uname -v = #65~14.04.1-Ubuntu SMP Tue Apr 19 18:57:09 UTC 2016

/usr/bin/uname -p = unknown
/bin/uname -X     = unknown

/bin/arch              = unknown
/usr/bin/arch -k       = unknown
/usr/convex/getsysinfo = unknown
/usr/bin/hostinfo      = unknown
/bin/machine           = unknown
/usr/bin/oslevel       = unknown
/bin/universe          = unknown

PATH: /home/jan/google-cloud-sdk/bin
PATH: /home/jan/bin
PATH: /usr/local/sbin
PATH: /usr/local/bin
PATH: /usr/sbin
PATH: /usr/bin
PATH: /sbin
PATH: /bin
PATH: /usr/games
PATH: /usr/local/games
PATH: /usr/lib/jvm/java-8-oracle/bin
PATH: /usr/lib/jvm/java-8-oracle/db/bin
PATH: /usr/lib/jvm/java-8-oracle/jre/bin
PATH: /home/jan/bin
PATH: /home/jan/perl
PATH: /home/jan/gnugk/gnugk-tools
PATH: /home/jan/android-studio/bin


## ----------- ##
## Core tests. ##
## ----------- ##

configure:2944: checking for pkg-config
configure:2962: found /usr/bin/pkg-config
configure:2974: result: /usr/bin/pkg-config
configure:2999: checking pkg-config is at least version 0.9.0
configure:3002: result: yes
configure:3062: checking for gcc
configure:3078: found /usr/bin/gcc
configure:3089: result: gcc
configure:3318: checking for C compiler version
configure:3327: gcc --version >&5
gcc (Ubuntu 4.8.4-2ubuntu1~14.04.1) 4.8.4
Copyright (C) 2013 Free Software Foundation, Inc.
This is free software; see the source for copying conditions.  There is NO
warranty; not even for MERCHANTABILITY or FITNESS FOR A PARTICULAR PURPOSE.

configure:3338: $? = 0
configure:3327: gcc -v >&5
Using built-in specs.
COLLECT_GCC=gcc
COLLECT_LTO_WRAPPER=/usr/lib/gcc/x86_64-linux-gnu/4.8/lto-wrapper
Target: x86_64-linux-gnu
Configured with: ../src/configure -v --with-pkgversion='Ubuntu 4.8.4-2ubuntu1~14.04.1' --with-bugurl=file:///usr/share/doc/gcc-4.8/README.Bugs --enable-languages=c,c++,java,go,d,fortran,objc,obj-c++ --prefix=/usr --program-suffix=-4.8 --enable-shared --enable-linker-build-id --libexecdir=/usr/lib --without-included-gettext --enable-threads=posix --with-gxx-include-dir=/usr/include/c++/4.8 --libdir=/usr/lib --enable-nls --with-sysroot=/ --enable-clocale=gnu --enable-libstdcxx-debug --enable-libstdcxx-time=yes --enable-gnu-unique-object --disable-libmudflap --enable-plugin --with-system-zlib --disable-browser-plugin --enable-java-awt=gtk --enable-gtk-cairo --with-java-home=/usr/lib/jvm/java-1.5.0-gcj-4.8-amd64/jre --enable-java-home --with-jvm-root-dir=/usr/lib/jvm/java-1.5.0-gcj-4.8-amd64 --with-jvm-jar-dir=/usr/lib/jvm-exports/java-1.5.0-gcj-4.8-amd64 --with-arch-directory=amd64 --with-ecj-jar=/usr/share/java/eclipse-ecj.jar --enable-objc-gc --enable-multiarch --disable-werror --with-arch-32=i686 --with-abi=m64 --with-multilib-list=m32,m64,mx32 --with-tune=generic --enable-checking=release --build=x86_64-linux-gnu --host=x86_64-linux-gnu --target=x86_64-linux-gnu
Thread model: posix
gcc version 4.8.4 (Ubuntu 4.8.4-2ubuntu1~14.04.1) 
configure:3338: $? = 0
configure:3327: gcc -V >&5
gcc: error: unrecognized command line option '-V'
gcc: fatal error: no input files
compilation terminated.
configure:3338: $? = 4
configure:3327: gcc -qversion >&5
gcc: error: unrecognized command line option '-qversion'
gcc: fatal error: no input files
compilation terminated.
configure:3338: $? = 4
configure:3358: checking whether the C compiler works
configure:3380: gcc    conftest.c  >&5
configure:3384: $? = 0
configure:3432: result: yes
configure:3435: checking for C compiler default output file name
configure:3437: result: a.out
configure:3443: checking for suffix of executables
configure:3450: gcc -o conftest    conftest.c  >&5
configure:3454: $? = 0
configure:3476: result: 
configure:3498: checking whether we are cross compiling
configure:3506: gcc -o conftest    conftest.c  >&5
configure:3510: $? = 0
configure:3517: ./conftest
configure:3521: $? = 0
configure:3536: result: no
configure:3541: checking for suffix of object files
configure:3563: gcc -c   conftest.c >&5
configure:3567: $? = 0
configure:3588: result: o
configure:3592: checking whether we are using the GNU C compiler
configure:3611: gcc -c   conftest.c >&5
configure:3611: $? = 0
configure:3620: result: yes
configure:3629: checking whether gcc accepts -g
configure:3649: gcc -c -g  conftest.c >&5
configure:3649: $? = 0
configure:3690: result: yes
configure:3707: checking for gcc option to accept ISO C89
configure:3771: gcc  -c -g -O2  conftest.c >&5
configure:3771: $? = 0
configure:3784: result: none needed
configure:3862: checking for g++
configure:3878: found /usr/bin/g++
configure:3889: result: g++
configure:3916: checking for C++ compiler version
configure:3925: g++ --version >&5
g++ (Ubuntu 4.8.4-2ubuntu1~14.04.1) 4.8.4
Copyright (C) 2013 Free Software Foundation, Inc.
This is free software; see the source for copying conditions.  There is NO
warranty; not even for MERCHANTABILITY or FITNESS FOR A PARTICULAR PURPOSE.

configure:3936: $? = 0
configure:3925: g++ -v >&5
Using built-in specs.
COLLECT_GCC=g++
COLLECT_LTO_WRAPPER=/usr/lib/gcc/x86_64-linux-gnu/4.8/lto-wrapper
Target: x86_64-linux-gnu
Configured with: ../src/configure -v --with-pkgversion='Ubuntu 4.8.4-2ubuntu1~14.04.1' --with-bugurl=file:///usr/share/doc/gcc-4.8/README.Bugs --enable-languages=c,c++,java,go,d,fortran,objc,obj-c++ --prefix=/usr --program-suffix=-4.8 --enable-shared --enable-linker-build-id --libexecdir=/usr/lib --without-included-gettext --enable-threads=posix --with-gxx-include-dir=/usr/include/c++/4.8 --libdir=/usr/lib --enable-nls --with-sysroot=/ --enable-clocale=gnu --enable-libstdcxx-debug --enable-libstdcxx-time=yes --enable-gnu-unique-object --disable-libmudflap --enable-plugin --with-system-zlib --disable-browser-plugin --enable-java-awt=gtk --enable-gtk-cairo --with-java-home=/usr/lib/jvm/java-1.5.0-gcj-4.8-amd64/jre --enable-java-home --with-jvm-root-dir=/usr/lib/jvm/java-1.5.0-gcj-4.8-amd64 --with-jvm-jar-dir=/usr/lib/jvm-exports/java-1.5.0-gcj-4.8-amd64 --with-arch-directory=amd64 --with-ecj-jar=/usr/share/java/eclipse-ecj.jar --enable-objc-gc --enable-multiarch --disable-werror --with-arch-32=i686 --with-abi=m64 --with-multilib-list=m32,m64,mx32 --with-tune=generic --enable-checking=release --build=x86_64-linux-gnu --host=x86_64-linux-gnu --target=x86_64-linux-gnu
Thread model: posix
gcc version 4.8.4 (Ubuntu 4.8.4-2ubuntu1~14.04.1) 
configure:3936: $? = 0
configure:3925: g++ -V >&5
g++: error: unrecognized command line option '-V'
g++: fatal error: no input files
compilation terminated.
configure:3936: $? = 4
configure:3925: g++ -qversion >&5
g++: error: unrecognized command line option '-qversion'
g++: fatal error: no input files
compilation terminated.
configure:3936: $? = 4
configure:3940: checking whether we are using the GNU C++ compiler
configure:3959: g++ -c   conftest.cpp >&5
configure:3959: $? = 0
configure:3968: result: yes
configure:3977: checking whether g++ accepts -g
configure:3997: g++ -c -g  conftest.cpp >&5
configure:3997: $? = 0
configure:4038: result: yes
configure:4107: PTLIBDIR detected - setting install prefix to /home/jan/voip_compile/opalvoip-cvs/ptlib-2.10.9
configure:4142: PTLib version is 2.10.9
configure:4268: checking build system type
configure:4282: result: x86_64-unknown-linux-gnu
configure:4302: checking host system type
configure:4315: result: x86_64-unknown-linux-gnu
configure:4335: checking target system type
configure:4348: result: x86_64-unknown-linux-gnu
configure:4389: checking for swab
configure:4389: g++ -o conftest -g -O2   conftest.cpp  >&5
configure:4389: $? = 0
configure:4389: result: yes
configure:4703: OSTYPE set to linux
configure:4705: OSRELEASE set to "3.19.0-59-generic"
configure:4707: MACHTYPE set to x86_64
configure:4753: gcc version is 4.8
configure:4759: checking checking if pragma implementation should be used
configure:4771: result: no
configure:4775: checking checking if precompiled headers available
configure:4791: result: no
configure:4820: checking how to run the C++ preprocessor
configure:4847: g++ -E  conftest.cpp
configure:4847: $? = 0
configure:4861: g++ -E  conftest.cpp
conftest.cpp:18:28: fatal error: ac_nonexistent.h: No such file or directory
 #include <ac_nonexistent.h>
                            ^
compilation terminated.
configure:4861: $? = 1
configure: failed program was:
| /* confdefs.h */
| #define PACKAGE_NAME ""
| #define PACKAGE_TARNAME ""
| #define PACKAGE_VERSION ""
| #define PACKAGE_STRING ""
| #define PACKAGE_BUGREPORT ""
| #define PACKAGE_URL ""
| #define PTLIB_MAJOR 2
| #define PTLIB_MINOR 10
| #define PTLIB_BUILD 9
| #define PTLIB_VERSION "2.10.9"
| #define P_PTHREADS 1
| #define USE_SYSTEM_SWAB /**/
| #define P_LINUX "3.19.0-59-generic"
| #define P_64BIT 1
| #define P_SHAREDLIBEXT $SHAREDLIBEXT
| /* end confdefs.h.  */
| #include <ac_nonexistent.h>
configure:4886: result: g++ -E
configure:4906: g++ -E  conftest.cpp
configure:4906: $? = 0
configure:4920: g++ -E  conftest.cpp
conftest.cpp:18:28: fatal error: ac_nonexistent.h: No such file or directory
 #include <ac_nonexistent.h>
                            ^
compilation terminated.
configure:4920: $? = 1
configure: failed program was:
| /* confdefs.h */
| #define PACKAGE_NAME ""
| #define PACKAGE_TARNAME ""
| #define PACKAGE_VERSION ""
| #define PACKAGE_STRING ""
| #define PACKAGE_BUGREPORT ""
| #define PACKAGE_URL ""
| #define PTLIB_MAJOR 2
| #define PTLIB_MINOR 10
| #define PTLIB_BUILD 9
| #define PTLIB_VERSION "2.10.9"
| #define P_PTHREADS 1
| #define USE_SYSTEM_SWAB /**/
| #define P_LINUX "3.19.0-59-generic"
| #define P_64BIT 1
| #define P_SHAREDLIBEXT $SHAREDLIBEXT
| /* end confdefs.h.  */
| #include <ac_nonexistent.h>
configure:4949: checking for grep that handles long lines and -e
configure:5007: result: /bin/grep
configure:5012: checking for egrep
configure:5074: result: /bin/grep -E
configure:5079: checking for ANSI C header files
configure:5099: g++ -c -g -O2  conftest.cpp >&5
configure:5099: $? = 0
configure:5172: g++ -o conftest -g -O2   conftest.cpp  >&5
configure:5172: $? = 0
configure:5172: ./conftest
configure:5172: $? = 0
configure:5183: result: yes
configure:5196: checking for sys/types.h
configure:5196: g++ -c -g -O2  conftest.cpp >&5
configure:5196: $? = 0
configure:5196: result: yes
configure:5196: checking for sys/stat.h
configure:5196: g++ -c -g -O2  conftest.cpp >&5
configure:5196: $? = 0
configure:5196: result: yes
configure:5196: checking for stdlib.h
configure:5196: g++ -c -g -O2  conftest.cpp >&5
configure:5196: $? = 0
configure:5196: result: yes
configure:5196: checking for string.h
configure:5196: g++ -c -g -O2  conftest.cpp >&5
configure:5196: $? = 0
configure:5196: result: yes
configure:5196: checking for memory.h
configure:5196: g++ -c -g -O2  conftest.cpp >&5
configure:5196: $? = 0
configure:5196: result: yes
configure:5196: checking for strings.h
configure:5196: g++ -c -g -O2  conftest.cpp >&5
configure:5196: $? = 0
configure:5196: result: yes
configure:5196: checking for inttypes.h
configure:5196: g++ -c -g -O2  conftest.cpp >&5
configure:5196: $? = 0
configure:5196: result: yes
configure:5196: checking for stdint.h
configure:5196: g++ -c -g -O2  conftest.cpp >&5
configure:5196: $? = 0
configure:5196: result: yes
configure:5196: checking for unistd.h
configure:5196: g++ -c -g -O2  conftest.cpp >&5
configure:5196: $? = 0
configure:5196: result: yes
configure:5208: checking whether byte ordering is bigendian
configure:5223: g++ -c -g -O2  conftest.cpp >&5
conftest.cpp:29:9: error: expected unqualified-id before 'not' token
         not a universal capable compiler
         ^
configure:5223: $? = 1
configure: failed program was:
| /* confdefs.h */
| #define PACKAGE_NAME ""
| #define PACKAGE_TARNAME ""
| #define PACKAGE_VERSION ""
| #define PACKAGE_STRING ""
| #define PACKAGE_BUGREPORT ""
| #define PACKAGE_URL ""
| #define PTLIB_MAJOR 2
| #define PTLIB_MINOR 10
| #define PTLIB_BUILD 9
| #define PTLIB_VERSION "2.10.9"
| #define P_PTHREADS 1
| #define USE_SYSTEM_SWAB /**/
| #define P_LINUX "3.19.0-59-generic"
| #define P_64BIT 1
| #define P_SHAREDLIBEXT $SHAREDLIBEXT
| #define STDC_HEADERS 1
| #define HAVE_SYS_TYPES_H 1
| #define HAVE_SYS_STAT_H 1
| #define HAVE_STDLIB_H 1
| #define HAVE_STRING_H 1
| #define HAVE_MEMORY_H 1
| #define HAVE_STRINGS_H 1
| #define HAVE_INTTYPES_H 1
| #define HAVE_STDINT_H 1
| #define HAVE_UNISTD_H 1
| /* end confdefs.h.  */
| #ifndef __APPLE_CC__
| 	       not a universal capable compiler
| 	     #endif
| 	     typedef int dummy;
| 
configure:5268: g++ -c -g -O2  conftest.cpp >&5
configure:5268: $? = 0
configure:5286: g++ -c -g -O2  conftest.cpp >&5
conftest.cpp: In function 'int main()':
conftest.cpp:35:8: error: 'big' was not declared in this scope
    not big endian
        ^
conftest.cpp:35:12: error: expected ';' before 'endian'
    not big endian
            ^
configure:5286: $? = 1
configure: failed program was:
| /* confdefs.h */
| #define PACKAGE_NAME ""
| #define PACKAGE_TARNAME ""
| #define PACKAGE_VERSION ""
| #define PACKAGE_STRING ""
| #define PACKAGE_BUGREPORT ""
| #define PACKAGE_URL ""
| #define PTLIB_MAJOR 2
| #define PTLIB_MINOR 10
| #define PTLIB_BUILD 9
| #define PTLIB_VERSION "2.10.9"
| #define P_PTHREADS 1
| #define USE_SYSTEM_SWAB /**/
| #define P_LINUX "3.19.0-59-generic"
| #define P_64BIT 1
| #define P_SHAREDLIBEXT $SHAREDLIBEXT
| #define STDC_HEADERS 1
| #define HAVE_SYS_TYPES_H 1
| #define HAVE_SYS_STAT_H 1
| #define HAVE_STDLIB_H 1
| #define HAVE_STRING_H 1
| #define HAVE_MEMORY_H 1
| #define HAVE_STRINGS_H 1
| #define HAVE_INTTYPES_H 1
| #define HAVE_STDINT_H 1
| #define HAVE_UNISTD_H 1
| /* end confdefs.h.  */
| #include <sys/types.h>
| 		#include <sys/param.h>
| 
| int
| main ()
| {
| #if BYTE_ORDER != BIG_ENDIAN
| 		 not big endian
| 		#endif
| 
|   ;
|   return 0;
| }
configure:5414: result: no
configure:5445: Default extension for C++ files is cpp
configure:5455: checking if compiler accepts -felide-constructors
configure:5470: result: yes
configure:5478: checking if linker accepts -Wreorder
configure:5493: result: yes
configure:5503: checking if debug build accepts -g3 -ggdb -O0
configure:5518: result: yes
configure:5528: checking if compiler uses RTTI by default
configure:5554: g++ -c -g -O2  conftest.cpp >&5
configure:5554: $? = 0
configure:5561: result: yes
configure:5580: checking size of int
configure:5585: g++ -o conftest -g -O2   conftest.cpp  >&5
configure:5585: $? = 0
configure:5585: ./conftest
configure:5585: $? = 0
configure:5599: result: 4
configure:5613: checking for long double with more range or precision than double
configure:5648: g++ -c -g -O2  conftest.cpp >&5
configure:5648: $? = 0
configure:5655: result: yes
configure:5679: checking for flex
configure:5697: found /usr/bin/flex
configure:5709: result: /usr/bin/flex
configure:5764: checking for ar
configure:5780: found /usr/bin/ar
configure:5791: result: ar
configure:5910: checking for bison
configure:5928: found /usr/bin/bison
configure:5940: result: /usr/bin/bison
configure:5952: checking if readdir_r has 2 parms
configure:5966: g++ -c -g -O2  conftest.cpp >&5
conftest.cpp: In function 'int main()':
conftest.cpp:37:42: error: too few arguments to function 'int readdir_r(DIR*, dirent*, dirent**)'
 DIR *s; struct dirent * e; readdir_r(s, e);
                                          ^
In file included from conftest.cpp:33:0:
/usr/include/dirent.h:183:12: note: declared here
 extern int readdir_r (DIR *__restrict __dirp,
            ^
configure:5966: $? = 1
configure: failed program was:
| /* confdefs.h */
| #define PACKAGE_NAME ""
| #define PACKAGE_TARNAME ""
| #define PACKAGE_VERSION ""
| #define PACKAGE_STRING ""
| #define PACKAGE_BUGREPORT ""
| #define PACKAGE_URL ""
| #define PTLIB_MAJOR 2
| #define PTLIB_MINOR 10
| #define PTLIB_BUILD 9
| #define PTLIB_VERSION "2.10.9"
| #define P_PTHREADS 1
| #define USE_SYSTEM_SWAB /**/
| #define P_LINUX "3.19.0-59-generic"
| #define P_64BIT 1
| #define P_SHAREDLIBEXT $SHAREDLIBEXT
| #define STDC_HEADERS 1
| #define HAVE_SYS_TYPES_H 1
| #define HAVE_SYS_STAT_H 1
| #define HAVE_STDLIB_H 1
| #define HAVE_STRING_H 1
| #define HAVE_MEMORY_H 1
| #define HAVE_STRINGS_H 1
| #define HAVE_INTTYPES_H 1
| #define HAVE_STDINT_H 1
| #define HAVE_UNISTD_H 1
| #define PBYTE_ORDER PLITTLE_ENDIAN
| #define SIZEOF_INT 4
| #define HAVE_LONG_DOUBLE_WIDER 1
| #define HAVE_LONG_DOUBLE 1
| /* end confdefs.h.  */
| #define _POSIX_PTHREAD_SEMANTICS
|                 #include <dirent.h>
| int
| main ()
| {
| DIR *s; struct dirent * e; readdir_r(s, e);
|   ;
|   return 0;
| }
configure:5976: result: no
configure:5978: checking if readdir_r has 3 parms
configure:5991: g++ -c -g -O2  conftest.cpp >&5
configure:5991: $? = 0
configure:5998: result: yes
configure:6024: PTRACE and all trace logging included
configure:6041: Using ANSI C++ bool for PBoolean: (PFalse=false PTrue=true)
configure:6050: checking for recvmsg
configure:6065: g++ -c -g -O2  conftest.cpp >&5
configure:6065: $? = 0
configure:6070: result: yes
configure:6081: checking for IPV6_ADD_MEMBERSHIP
configure:6094: g++ -c -g -O2  conftest.cpp >&5
configure:6094: $? = 0
configure:6099: result: yes
configure:6110: checking for NetLink support
configure:6130: g++ -c -g -O2  conftest.cpp >&5
configure:6130: $? = 0
configure:6135: result: yes
configure:6146: checking if using STL streams
configure:6159: g++ -c -g -O2  conftest.cpp >&5
configure:6159: $? = 0
configure:6164: result: yes
configure:6184: checking if atomic integer available
configure:6201: g++ -c -g -O2  conftest.cpp >&5
conftest.cpp:38:28: fatal error: bits/atomicity.h: No such file or directory
 #include <bits/atomicity.h>
                            ^
compilation terminated.
configure:6201: $? = 1
configure: failed program was:
| /* confdefs.h */
| #define PACKAGE_NAME ""
| #define PACKAGE_TARNAME ""
| #define PACKAGE_VERSION ""
| #define PACKAGE_STRING ""
| #define PACKAGE_BUGREPORT ""
| #define PACKAGE_URL ""
| #define PTLIB_MAJOR 2
| #define PTLIB_MINOR 10
| #define PTLIB_BUILD 9
| #define PTLIB_VERSION "2.10.9"
| #define P_PTHREADS 1
| #define USE_SYSTEM_SWAB /**/
| #define P_LINUX "3.19.0-59-generic"
| #define P_64BIT 1
| #define P_SHAREDLIBEXT $SHAREDLIBEXT
| #define STDC_HEADERS 1
| #define HAVE_SYS_TYPES_H 1
| #define HAVE_SYS_STAT_H 1
| #define HAVE_STDLIB_H 1
| #define HAVE_STRING_H 1
| #define HAVE_MEMORY_H 1
| #define HAVE_STRINGS_H 1
| #define HAVE_INTTYPES_H 1
| #define HAVE_STDINT_H 1
| #define HAVE_UNISTD_H 1
| #define PBYTE_ORDER PLITTLE_ENDIAN
| #define SIZEOF_INT 4
| #define HAVE_LONG_DOUBLE_WIDER 1
| #define HAVE_LONG_DOUBLE 1
| #define P_HAS_POSIX_READDIR_R 3
| #define P_USE_STANDARD_CXX_BOOL 1
| #define P_HAS_RECVMSG 1
| #define P_HAS_IPV6_ADD_MEMBERSHIP 1
| #define P_HAS_NETLINK 1
| #define P_HAS_STL_STREAMS 1
| /* end confdefs.h.  */
| #include <bits/atomicity.h>
| int
| main ()
| {
| _Atomic_word val;
|   ;
|   return 0;
| }
configure:6215: g++ -c -g -O2  conftest.cpp >&5
configure:6215: $? = 0
configure:6223: result: yes
configure:6225: checking if __exchange_and_add is in __gnu_cxx namespace
configure:6256: g++ -c -g -O2  conftest.cpp >&5
configure:6256: $? = 0
configure:6262: result: yes
configure:6299: g++ -c -g -O2  conftest.cpp >&5
configure:6299: $? = 0
configure:6303: checking if Unix semaphores are available
configure:6308: result: yes
configure:6359: checking for pthread_create in -lpthread
configure:6384: g++ -o conftest -g -O2   conftest.cpp -lpthread   >&5
configure:6384: $? = 0
configure:6393: result: yes
configure:6418: checking for clock_gettime in -lrt
configure:6443: g++ -o conftest -g -O2   conftest.cpp -lrt   >&5
configure:6443: $? = 0
configure:6452: result: yes
configure:6471: checking if pthread_mutex_timedlock is available
configure:6484: g++ -c -g -O2  conftest.cpp >&5
conftest.cpp: In function 'int main()':
conftest.cpp:45:35: warning: null argument where non-null required (argument 1) [-Wnonnull]
 pthread_mutex_timedlock(NULL, NULL);
                                   ^
conftest.cpp:45:35: warning: null argument where non-null required (argument 2) [-Wnonnull]
configure:6484: $? = 0
configure:6491: result: yes
configure:6501: checking for sem_timedwait in -lpthread
configure:6526: g++ -o conftest -g -O2   conftest.cpp -lpthread   >&5
configure:6526: $? = 0
configure:6535: result: yes
configure:6544: checking if sem_timedwait is compilable
configure:6557: g++ -c -g -O2  conftest.cpp >&5
configure:6557: $? = 0
configure:6567: result: yes
configure:6577: checking if recursive mutexes are available
configure:6590: g++ -c -g -O2  conftest.cpp >&5
configure:6590: $? = 0
configure:6595: result: PTHREAD_MUTEX_RECURSIVE_NP
configure:6629: checking if setpgrp takes no parameters
configure:6642: g++ -c -g -O2  conftest.cpp >&5
configure:6642: $? = 0
configure:6647: result: yes
configure:6662: checking regex.h usability
configure:6662: g++ -c -g -O2  conftest.cpp >&5
configure:6662: $? = 0
configure:6662: result: yes
configure:6662: checking regex.h presence
configure:6662: g++ -E  conftest.cpp
configure:6662: $? = 0
configure:6662: result: yes
configure:6662: checking for regex.h
configure:6662: result: yes
configure:6683: checking for regcomp
configure:6683: g++ -o conftest -g -O2   conftest.cpp  >&5
configure:6683: $? = 0
configure:6683: result: yes
configure:6764: checking dlfcn.h usability
configure:6764: g++ -c -g -O2  conftest.cpp >&5
configure:6764: $? = 0
configure:6764: result: yes
configure:6764: checking dlfcn.h presence
configure:6764: g++ -E  conftest.cpp
configure:6764: $? = 0
configure:6764: result: yes
configure:6764: checking for dlfcn.h
configure:6764: result: yes
configure:6777: checking if dlopen is available
configure:6796: gcc -c -g -O2  conftest.c >&5
configure:6796: $? = 0
configure:6806: result: yes
configure:6857: checking for dlopen in -ldl
configure:6882: gcc -o conftest -g -O2   conftest.c -ldl   >&5
configure:6882: $? = 0
configure:6891: result: yes
configure:6920: checking enable plugin support
configure:6956: result: yes
configure:6970: checking where plugins are being installed
configure:6999: result: /home/jan/voip_compile/opalvoip-cvs/ptlib-2.10.9/lib_linux_x86_64/ptlib-2.10.9
configure:7013: checking enable samples build
configure:7053: result: no
configure:7082: checking how to run the C preprocessor
configure:7113: gcc -E  conftest.c
configure:7113: $? = 0
configure:7127: gcc -E  conftest.c
conftest.c:51:28: fatal error: ac_nonexistent.h: No such file or directory
 #include <ac_nonexistent.h>
                            ^
compilation terminated.
configure:7127: $? = 1
configure: failed program was:
| /* confdefs.h */
| #define PACKAGE_NAME ""
| #define PACKAGE_TARNAME ""
| #define PACKAGE_VERSION ""
| #define PACKAGE_STRING ""
| #define PACKAGE_BUGREPORT ""
| #define PACKAGE_URL ""
| #define PTLIB_MAJOR 2
| #define PTLIB_MINOR 10
| #define PTLIB_BUILD 9
| #define PTLIB_VERSION "2.10.9"
| #define P_PTHREADS 1
| #define USE_SYSTEM_SWAB /**/
| #define P_LINUX "3.19.0-59-generic"
| #define P_64BIT 1
| #define P_SHAREDLIBEXT $SHAREDLIBEXT
| #define STDC_HEADERS 1
| #define HAVE_SYS_TYPES_H 1
| #define HAVE_SYS_STAT_H 1
| #define HAVE_STDLIB_H 1
| #define HAVE_STRING_H 1
| #define HAVE_MEMORY_H 1
| #define HAVE_STRINGS_H 1
| #define HAVE_INTTYPES_H 1
| #define HAVE_STDINT_H 1
| #define HAVE_UNISTD_H 1
| #define PBYTE_ORDER PLITTLE_ENDIAN
| #define SIZEOF_INT 4
| #define HAVE_LONG_DOUBLE_WIDER 1
| #define HAVE_LONG_DOUBLE 1
| #define P_HAS_POSIX_READDIR_R 3
| #define P_USE_STANDARD_CXX_BOOL 1
| #define P_HAS_RECVMSG 1
| #define P_HAS_IPV6_ADD_MEMBERSHIP 1
| #define P_HAS_NETLINK 1
| #define P_HAS_STL_STREAMS 1
| #define P_HAS_ATOMIC_INT 1
| #define P_NEEDS_GNU_CXX_NAMESPACE 1
| #define P_HAS_SEMAPHORES 1
| #define P_PTHREADS_XPG6 1
| #define P_HAS_SEMAPHORES_XPG6 1
| #define P_HAS_RECURSIVE_MUTEX 1
| #define P_SETPGRP_NOPARM 1
| #define HAVE_REGEX_H 1
| #define P_REGEX 1
| #define HAVE_DLFCN_H 1
| #define P_DYNALINK 1
| #define P_PLUGINS 1
| #define P_DEFAULT_PLUGIN_DIR "/home/jan/voip_compile/opalvoip-cvs/ptlib-2.10.9/lib_linux_x86_64/ptlib-2.10.9"
| /* end confdefs.h.  */
| #include <ac_nonexistent.h>
configure:7152: result: gcc -E
configure:7172: gcc -E  conftest.c
configure:7172: $? = 0
configure:7186: gcc -E  conftest.c
conftest.c:51:28: fatal error: ac_nonexistent.h: No such file or directory
 #include <ac_nonexistent.h>
                            ^
compilation terminated.
configure:7186: $? = 1
configure: failed program was:
| /* confdefs.h */
| #define PACKAGE_NAME ""
| #define PACKAGE_TARNAME ""
| #define PACKAGE_VERSION ""
| #define PACKAGE_STRING ""
| #define PACKAGE_BUGREPORT ""
| #define PACKAGE_URL ""
| #define PTLIB_MAJOR 2
| #define PTLIB_MINOR 10
| #define PTLIB_BUILD 9
| #define PTLIB_VERSION "2.10.9"
| #define P_PTHREADS 1
| #define USE_SYSTEM_SWAB /**/
| #define P_LINUX "3.19.0-59-generic"
| #define P_64BIT 1
| #define P_SHAREDLIBEXT $SHAREDLIBEXT
| #define STDC_HEADERS 1
| #define HAVE_SYS_TYPES_H 1
| #define HAVE_SYS_STAT_H 1
| #define HAVE_STDLIB_H 1
| #define HAVE_STRING_H 1
| #define HAVE_MEMORY_H 1
| #define HAVE_STRINGS_H 1
| #define HAVE_INTTYPES_H 1
| #define HAVE_STDINT_H 1
| #define HAVE_UNISTD_H 1
| #define PBYTE_ORDER PLITTLE_ENDIAN
| #define SIZEOF_INT 4
| #define HAVE_LONG_DOUBLE_WIDER 1
| #define HAVE_LONG_DOUBLE 1
| #define P_HAS_POSIX_READDIR_R 3
| #define P_USE_STANDARD_CXX_BOOL 1
| #define P_HAS_RECVMSG 1
| #define P_HAS_IPV6_ADD_MEMBERSHIP 1
| #define P_HAS_NETLINK 1
| #define P_HAS_STL_STREAMS 1
| #define P_HAS_ATOMIC_INT 1
| #define P_NEEDS_GNU_CXX_NAMESPACE 1
| #define P_HAS_SEMAPHORES 1
| #define P_PTHREADS_XPG6 1
| #define P_HAS_SEMAPHORES_XPG6 1
| #define P_HAS_RECURSIVE_MUTEX 1
| #define P_SETPGRP_NOPARM 1
| #define HAVE_REGEX_H 1
| #define P_REGEX 1
| #define HAVE_DLFCN_H 1
| #define P_DYNALINK 1
| #define P_PLUGINS 1
| #define P_DEFAULT_PLUGIN_DIR "/home/jan/voip_compile/opalvoip-cvs/ptlib-2.10.9/lib_linux_x86_64/ptlib-2.10.9"
| /* end confdefs.h.  */
| #include <ac_nonexistent.h>
configure:7219: checking for res_ninit
configure:7219: gcc -o conftest -g -O2   conftest.c  >&5
/tmp/ccznF16D.o: In function `main':
/home/jan/tmp/tmp/ptlib-2.10.9/conftest.c:85: undefined reference to `res_ninit'
collect2: error: ld returned 1 exit status
configure:7219: $? = 1
configure: failed program was:
| /* confdefs.h */
| #define PACKAGE_NAME ""
| #define PACKAGE_TARNAME ""
| #define PACKAGE_VERSION ""
| #define PACKAGE_STRING ""
| #define PACKAGE_BUGREPORT ""
| #define PACKAGE_URL ""
| #define PTLIB_MAJOR 2
| #define PTLIB_MINOR 10
| #define PTLIB_BUILD 9
| #define PTLIB_VERSION "2.10.9"
| #define P_PTHREADS 1
| #define USE_SYSTEM_SWAB /**/
| #define P_LINUX "3.19.0-59-generic"
| #define P_64BIT 1
| #define P_SHAREDLIBEXT $SHAREDLIBEXT
| #define STDC_HEADERS 1
| #define HAVE_SYS_TYPES_H 1
| #define HAVE_SYS_STAT_H 1
| #define HAVE_STDLIB_H 1
| #define HAVE_STRING_H 1
| #define HAVE_MEMORY_H 1
| #define HAVE_STRINGS_H 1
| #define HAVE_INTTYPES_H 1
| #define HAVE_STDINT_H 1
| #define HAVE_UNISTD_H 1
| #define PBYTE_ORDER PLITTLE_ENDIAN
| #define SIZEOF_INT 4
| #define HAVE_LONG_DOUBLE_WIDER 1
| #define HAVE_LONG_DOUBLE 1
| #define P_HAS_POSIX_READDIR_R 3
| #define P_USE_STANDARD_CXX_BOOL 1
| #define P_HAS_RECVMSG 1
| #define P_HAS_IPV6_ADD_MEMBERSHIP 1
| #define P_HAS_NETLINK 1
| #define P_HAS_STL_STREAMS 1
| #define P_HAS_ATOMIC_INT 1
| #define P_NEEDS_GNU_CXX_NAMESPACE 1
| #define P_HAS_SEMAPHORES 1
| #define P_PTHREADS_XPG6 1
| #define P_HAS_SEMAPHORES_XPG6 1
| #define P_HAS_RECURSIVE_MUTEX 1
| #define P_SETPGRP_NOPARM 1
| #define HAVE_REGEX_H 1
| #define P_REGEX 1
| #define HAVE_DLFCN_H 1
| #define P_DYNALINK 1
| #define P_PLUGINS 1
| #define P_DEFAULT_PLUGIN_DIR "/home/jan/voip_compile/opalvoip-cvs/ptlib-2.10.9/lib_linux_x86_64/ptlib-2.10.9"
| /* end confdefs.h.  */
| /* Define res_ninit to an innocuous variant, in case <limits.h> declares res_ninit.
|    For example, HP-UX 11i <limits.h> declares gettimeofday.  */
| #define res_ninit innocuous_res_ninit
| 
| /* System header to define __stub macros and hopefully few prototypes,
|     which can conflict with char res_ninit (); below.
|     Prefer <limits.h> to <assert.h> if __STDC__ is defined, since
|     <limits.h> exists even on freestanding compilers.  */
| 
| #ifdef __STDC__
| # include <limits.h>
| #else
| # include <assert.h>
| #endif
| 
| #undef res_ninit
| 
| /* Override any GCC internal prototype to avoid an error.
|    Use char because int might match the return type of a GCC
|    builtin and then its argument prototype would still apply.  */
| #ifdef __cplusplus
| extern "C"
| #endif
| char res_ninit ();
| /* The GNU C library defines this for functions which it implements
|     to always fail with ENOSYS.  Some functions are actually named
|     something starting with __ and the normal name is an alias.  */
| #if defined __stub_res_ninit || defined __stub___res_ninit
| choke me
| #endif
| 
| int
| main ()
| {
| return res_ninit ();
|   ;
|   return 0;
| }
configure:7219: result: no
configure:7229: checking for res_ninit in -lresolv
configure:7245: gcc -o conftest -g -O2   conftest.c  -lresolv >&5
configure:7245: $? = 0
configure:7255: result: yes
configure:7485: checking for sasl_version in -lsasl2
configure:7510: gcc -o conftest -g -O2   conftest.c -lsasl2   >&5
configure:7510: $? = 0
configure:7519: result: yes
configure:7527: checking for sasl_client_out in -lsasl
configure:7552: gcc -o conftest -g -O2   conftest.c -lsasl   >&5
/usr/bin/ld: cannot find -lsasl
collect2: error: ld returned 1 exit status
configure:7552: $? = 1
configure: failed program was:
| /* confdefs.h */
| #define PACKAGE_NAME ""
| #define PACKAGE_TARNAME ""
| #define PACKAGE_VERSION ""
| #define PACKAGE_STRING ""
| #define PACKAGE_BUGREPORT ""
| #define PACKAGE_URL ""
| #define PTLIB_MAJOR 2
| #define PTLIB_MINOR 10
| #define PTLIB_BUILD 9
| #define PTLIB_VERSION "2.10.9"
| #define P_PTHREADS 1
| #define USE_SYSTEM_SWAB /**/
| #define P_LINUX "3.19.0-59-generic"
| #define P_64BIT 1
| #define P_SHAREDLIBEXT $SHAREDLIBEXT
| #define STDC_HEADERS 1
| #define HAVE_SYS_TYPES_H 1
| #define HAVE_SYS_STAT_H 1
| #define HAVE_STDLIB_H 1
| #define HAVE_STRING_H 1
| #define HAVE_MEMORY_H 1
| #define HAVE_STRINGS_H 1
| #define HAVE_INTTYPES_H 1
| #define HAVE_STDINT_H 1
| #define HAVE_UNISTD_H 1
| #define PBYTE_ORDER PLITTLE_ENDIAN
| #define SIZEOF_INT 4
| #define HAVE_LONG_DOUBLE_WIDER 1
| #define HAVE_LONG_DOUBLE 1
| #define P_HAS_POSIX_READDIR_R 3
| #define P_USE_STANDARD_CXX_BOOL 1
| #define P_HAS_RECVMSG 1
| #define P_HAS_IPV6_ADD_MEMBERSHIP 1
| #define P_HAS_NETLINK 1
| #define P_HAS_STL_STREAMS 1
| #define P_HAS_ATOMIC_INT 1
| #define P_NEEDS_GNU_CXX_NAMESPACE 1
| #define P_HAS_SEMAPHORES 1
| #define P_PTHREADS_XPG6 1
| #define P_HAS_SEMAPHORES_XPG6 1
| #define P_HAS_RECURSIVE_MUTEX 1
| #define P_SETPGRP_NOPARM 1
| #define HAVE_REGEX_H 1
| #define P_REGEX 1
| #define HAVE_DLFCN_H 1
| #define P_DYNALINK 1
| #define P_PLUGINS 1
| #define P_DEFAULT_PLUGIN_DIR "/home/jan/voip_compile/opalvoip-cvs/ptlib-2.10.9/lib_linux_x86_64/ptlib-2.10.9"
| #define P_DNS 1
| #define P_HAS_RES_NINIT 1
| /* end confdefs.h.  */
| 
| /* Override any GCC internal prototype to avoid an error.
|    Use char because int might match the return type of a GCC
|    builtin and then its argument prototype would still apply.  */
| #ifdef __cplusplus
| extern "C"
| #endif
| char sasl_client_out ();
| int
| main ()
| {
| return sasl_client_out ();
|   ;
|   return 0;
| }
configure:7561: result: no
configure:7572: checking if <sasl.h> works
configure:7585: gcc -c -g -O2  conftest.c >&5
conftest.c:53:18: fatal error: sasl.h: No such file or directory
 #include <sasl.h>
                  ^
compilation terminated.
configure:7585: $? = 1
configure: failed program was:
| /* confdefs.h */
| #define PACKAGE_NAME ""
| #define PACKAGE_TARNAME ""
| #define PACKAGE_VERSION ""
| #define PACKAGE_STRING ""
| #define PACKAGE_BUGREPORT ""
| #define PACKAGE_URL ""
| #define PTLIB_MAJOR 2
| #define PTLIB_MINOR 10
| #define PTLIB_BUILD 9
| #define PTLIB_VERSION "2.10.9"
| #define P_PTHREADS 1
| #define USE_SYSTEM_SWAB /**/
| #define P_LINUX "3.19.0-59-generic"
| #define P_64BIT 1
| #define P_SHAREDLIBEXT $SHAREDLIBEXT
| #define STDC_HEADERS 1
| #define HAVE_SYS_TYPES_H 1
| #define HAVE_SYS_STAT_H 1
| #define HAVE_STDLIB_H 1
| #define HAVE_STRING_H 1
| #define HAVE_MEMORY_H 1
| #define HAVE_STRINGS_H 1
| #define HAVE_INTTYPES_H 1
| #define HAVE_STDINT_H 1
| #define HAVE_UNISTD_H 1
| #define PBYTE_ORDER PLITTLE_ENDIAN
| #define SIZEOF_INT 4
| #define HAVE_LONG_DOUBLE_WIDER 1
| #define HAVE_LONG_DOUBLE 1
| #define P_HAS_POSIX_READDIR_R 3
| #define P_USE_STANDARD_CXX_BOOL 1
| #define P_HAS_RECVMSG 1
| #define P_HAS_IPV6_ADD_MEMBERSHIP 1
| #define P_HAS_NETLINK 1
| #define P_HAS_STL_STREAMS 1
| #define P_HAS_ATOMIC_INT 1
| #define P_NEEDS_GNU_CXX_NAMESPACE 1
| #define P_HAS_SEMAPHORES 1
| #define P_PTHREADS_XPG6 1
| #define P_HAS_SEMAPHORES_XPG6 1
| #define P_HAS_RECURSIVE_MUTEX 1
| #define P_SETPGRP_NOPARM 1
| #define HAVE_REGEX_H 1
| #define P_REGEX 1
| #define HAVE_DLFCN_H 1
| #define P_DYNALINK 1
| #define P_PLUGINS 1
| #define P_DEFAULT_PLUGIN_DIR "/home/jan/voip_compile/opalvoip-cvs/ptlib-2.10.9/lib_linux_x86_64/ptlib-2.10.9"
| #define P_DNS 1
| #define P_HAS_RES_NINIT 1
| /* end confdefs.h.  */
| #include <sasl.h>
| int
| main ()
| {
|  int v = SASL_LOG_PASS;
|   ;
|   return 0;
| }
configure:7594: result: no
configure:7601: checking if <sasl/sasl.h> works
configure:7614: gcc -c -g -O2  conftest.c >&5
configure:7614: $? = 0
configure:7616: result: yes
configure:7671: SUN mlib disabled
configure:7780: checking ldap.h usability
configure:7780: gcc -c -g -O2   conftest.c >&5
configure:7780: $? = 0
configure:7780: result: yes
configure:7780: checking ldap.h presence
configure:7780: gcc -E  conftest.c
configure:7780: $? = 0
configure:7780: result: yes
configure:7780: checking for ldap.h
configure:7780: result: yes
configure:7793: checking for ldap_open in -lldap
configure:7818: gcc -o conftest -g -O2    conftest.c -lldap   -llber -lldap_r -lresolv >&5
configure:7818: $? = 0
configure:7827: result: yes
configure:7879: checking for OPENSSL
configure:7886: $PKG_CONFIG --exists --print-errors "openssl"
configure:7889: $? = 0
configure:7902: $PKG_CONFIG --exists --print-errors "openssl"
configure:7905: $? = 0
configure:7942: result: yes
configure:7961: checking openssl/aes.h usability
configure:7961: gcc -c -g -O2    conftest.c >&5
configure:7961: $? = 0
configure:7961: result: yes
configure:7961: checking openssl/aes.h presence
configure:7961: gcc -E  conftest.c
configure:7961: $? = 0
configure:7961: result: yes
configure:7961: checking for openssl/aes.h
configure:7961: result: yes
configure:7997: checking for const arg to d2i_AutoPrivateKey
configure:8014: g++ -c -g -O2    conftest.cpp >&5
configure:8014: $? = 0
configure:8018: result: yes
configure:8043: checking for d2i_DHparams_bio variants
configure:8057: g++ -c -g -O2  conftest.cpp >&5
configure:8057: $? = 0
configure:8069: result: new
configure:8088: Expat disabled
configure:8213: Lua disabled
configure:8347: checking for IPv6 support
configure:8361: g++ -c -g -O2  conftest.cpp >&5
configure:8361: $? = 0
configure:8383: g++ -c -g -O2  conftest.cpp >&5
configure:8383: $? = 0
configure:8393: result: yes
configure:8405: checking for inet_ntop
configure:8420: g++ -c -g -O2  conftest.cpp >&5
configure:8420: $? = 0
configure:8432: result: yes
configure:8438: checking enable config file support
configure:8474: result: yes
configure:8488: checking enable URL support
configure:8524: result: yes
configure:8538: checking enable HTTP support
configure:8574: result: yes
configure:8588: checking enable HTTP forms support
configure:8624: result: yes
configure:8639: checking enable HTTP server support
configure:8675: result: yes
configure:8689: checking enable Jabber support
configure:8705: jabber support disabled due to disabled dependency HAS_EXPAT
configure:8729: result: no
configure:8739: checking enable VXML support
configure:8755: vxml support disabled due to disabled dependency HAS_EXPAT
configure:8779: result: no
configure:8789: checking enable XMLRPC support
configure:8805: xmlrpc support disabled due to disabled dependency HAS_EXPAT
configure:8829: result: no
configure:8839: checking enable SOAP support
configure:8855: soap support disabled due to disabled dependency HAS_EXPAT
configure:8879: result: no
configure:8891: checking enable Text-To-Speech server support
configure:8927: result: yes
configure:8941: checking enable ASN decoding/encoding support
configure:8977: result: yes
configure:8991: checking enable STUN support
configure:9027: result: yes
configure:9041: checking enable pipechannel support
configure:9077: result: yes
configure:9091: checking enable DTMF protocol support
configure:9127: result: yes
configure:9141: checking enable SOCKS protocol support
configure:9177: result: yes
configure:9191: checking enable FTP protocol support
configure:9227: result: yes
configure:9241: checking enable SNMP protocol support
configure:9277: result: yes
configure:9291: checking enable TELNET protocol support
configure:9327: result: yes
configure:9341: checking enable remote connection support
configure:9377: result: yes
configure:9391: checking enable serial port support
configure:9427: result: yes
configure:9441: checking enable POP3/SMTP support
configure:9477: result: yes
configure:9491: checking enable audio support
configure:9527: result: yes
configure:9541: checking enable WAVFILE support
configure:9577: result: yes
configure:9593: checking enable QOS support
configure:9629: result: yes
configure:9643: checking enable video device support
configure:9679: result: yes
configure:9698: checking enable video file support
configure:9734: result: yes
configure:9748: checking enable FFMpeg video file support
configure:9784: result: yes
configure:9798: checking enable application sharing support
configure:9838: result: no
configure:9848: checking enable shared memory video devices
configure:9884: result: yes
configure:9913: SDL disabled
configure:10196: checking enable video for windows capture
configure:10236: result: no
configure:10298: ODBC disabled
configure:10424: checking enable C++ exceptions
configure:10464: result: no
configure:10902: checking for a BSD-compatible install
configure:10970: result: /usr/bin/install -c
configure:11111: creating ./config.status

## ---------------------- ##
## Running config.status. ##
## ---------------------- ##

This file was extended by config.status, which was
generated by GNU Autoconf 2.68.  Invocation command line was

  CONFIG_FILES    = 
  CONFIG_HEADERS  = 
  CONFIG_LINKS    = 
  CONFIG_COMMANDS = 
  $ ./config.status 

on janhh4

config.status:1021: creating make/ptbuildopts.mak
config.status:1021: creating make/ptlib-config
config.status:1021: creating Makefile
config.status:1021: creating ptlib_cfg.dxy
config.status:1021: creating ptlib.pc
config.status:1021: creating include/ptbuildopts.h
configure:12362: === configuring in plugins (/home/jan/tmp/tmp/ptlib-2.10.9/plugins)
configure:12425: running /bin/bash ./configure --disable-option-checking '--prefix=/home/jan/voip_compile/opalvoip-cvs/ptlib-2.10.9'  '--enable-ipv6' '--disable-odbc' '--disable-sdl' '--disable-lua' '--disable-expat' 'PKG_CONFIG_PATH=/usr/lib64/pkgconfig:/usr/local/lib/pkgconfig' --cache-file=/dev/null --srcdir=.

## ---------------- ##
## Cache variables. ##
## ---------------- ##

ac_cv_build=x86_64-unknown-linux-gnu
ac_cv_c_bigendian=no
ac_cv_c_compiler_gnu=yes
ac_cv_c_long_double=yes
ac_cv_cxx_compiler_gnu=yes
ac_cv_env_CCC_set=
ac_cv_env_CCC_value=
ac_cv_env_CC_set=
ac_cv_env_CC_value=
ac_cv_env_CFLAGS_set=
ac_cv_env_CFLAGS_value=
ac_cv_env_CPPFLAGS_set=
ac_cv_env_CPPFLAGS_value=
ac_cv_env_CPP_set=
ac_cv_env_CPP_value=
ac_cv_env_CXXCPP_set=
ac_cv_env_CXXCPP_value=
ac_cv_env_CXXFLAGS_set=
ac_cv_env_CXXFLAGS_value=
ac_cv_env_CXX_set=
ac_cv_env_CXX_value=
ac_cv_env_LDFLAGS_set=
ac_cv_env_LDFLAGS_value=
ac_cv_env_LIBS_set=
ac_cv_env_LIBS_value=
ac_cv_env_OPENSSL_CFLAGS_set=
ac_cv_env_OPENSSL_CFLAGS_value=
ac_cv_env_OPENSSL_LIBS_set=
ac_cv_env_OPENSSL_LIBS_value=
ac_cv_env_PKG_CONFIG_LIBDIR_set=
ac_cv_env_PKG_CONFIG_LIBDIR_value=
ac_cv_env_PKG_CONFIG_PATH_set=set
ac_cv_env_PKG_CONFIG_PATH_value=/usr/lib64/pkgconfig:/usr/local/lib/pkgconfig
ac_cv_env_PKG_CONFIG_set=
ac_cv_env_PKG_CONFIG_value=
ac_cv_env_SDL_CFLAGS_set=
ac_cv_env_SDL_CFLAGS_value=
ac_cv_env_SDL_LIBS_set=
ac_cv_env_SDL_LIBS_value=
ac_cv_env_build_alias_set=
ac_cv_env_build_alias_value=
ac_cv_env_host_alias_set=
ac_cv_env_host_alias_value=
ac_cv_env_target_alias_set=
ac_cv_env_target_alias_value=
ac_cv_func_regcomp=yes
ac_cv_func_res_ninit=no
ac_cv_func_swab=yes
ac_cv_header_dlfcn_h=yes
ac_cv_header_inttypes_h=yes
ac_cv_header_ldap_h=yes
ac_cv_header_memory_h=yes
ac_cv_header_openssl_aes_h=yes
ac_cv_header_regex_h=yes
ac_cv_header_stdc=yes
ac_cv_header_stdint_h=yes
ac_cv_header_stdlib_h=yes
ac_cv_header_string_h=yes
ac_cv_header_strings_h=yes
ac_cv_header_sys_stat_h=yes
ac_cv_header_sys_types_h=yes
ac_cv_header_unistd_h=yes
ac_cv_host=x86_64-unknown-linux-gnu
ac_cv_lib_dl_dlopen=yes
ac_cv_lib_ldap_ldap_open=yes
ac_cv_lib_pthread_pthread_create=yes
ac_cv_lib_pthread_sem_timedwait=yes
ac_cv_lib_rt_clock_gettime=yes
ac_cv_lib_sasl2_sasl_version=yes
ac_cv_lib_sasl_sasl_client_out=no
ac_cv_objext=o
ac_cv_path_BISON=/usr/bin/bison
ac_cv_path_EGREP='/bin/grep -E'
ac_cv_path_FLEX=/usr/bin/flex
ac_cv_path_GREP=/bin/grep
ac_cv_path_ac_pt_PKG_CONFIG=/usr/bin/pkg-config
ac_cv_path_install='/usr/bin/install -c'
ac_cv_prog_CPP='gcc -E'
ac_cv_prog_CXXCPP='g++ -E'
ac_cv_prog_ac_ct_AR=ar
ac_cv_prog_ac_ct_CC=gcc
ac_cv_prog_ac_ct_CXX=g++
ac_cv_prog_cc_c89=
ac_cv_prog_cc_g=yes
ac_cv_prog_cxx_g=yes
ac_cv_sizeof_int=4
ac_cv_target=x86_64-unknown-linux-gnu
ac_cv_type_long_double_wider=yes
pkg_cv_OPENSSL_CFLAGS=' '
pkg_cv_OPENSSL_LIBS='-lssl -lcrypto  '

## ----------------- ##
## Output variables. ##
## ----------------- ##

AR='ar'
BISON='/usr/bin/bison'
BUILD_NUMBER='9'
BUILD_TYPE='.'
CC='gcc'
CFLAGS='-g -O2'
CPP='gcc -E'
CPPFLAGS=''
CXX='g++'
CXXCPP='g++ -E'
CXXFLAGS='-g -O2'
DEBUG_FLAG='-g3 -ggdb -O0'
DEFS='-DHAVE_CONFIG_H'
DEV_PLUGIN_DIR='ptlib-2.10.9/devices'
ECHO_C=''
ECHO_N='-n'
ECHO_T=''
EGREP='/bin/grep -E'
ENDLDLIBS=' -lpthread -lrt -lsasl2 -lldap -llber -lldap_r -lssl -lcrypto   -lresolv -ldl'
EXEEXT=''
FLEX='/usr/bin/flex'
GREP='/bin/grep'
HAS_APPSHARE=''
HAS_ASN='1'
HAS_AUDIO='1'
HAS_CONFIG_FILE='1'
HAS_DIRECTSHOW=''
HAS_DIRECTSOUND=''
HAS_DTMF='1'
HAS_EXCEPTIONS=''
HAS_EXPAT=''
HAS_FFVDEV='1'
HAS_FTP='1'
HAS_HTTP='1'
HAS_HTTPFORMS='1'
HAS_HTTPSVC='1'
HAS_IPV6='1'
HAS_JABBER=''
HAS_LUA='1'
HAS_ODBC=''
HAS_OPENLDAP='1'
HAS_OPENSSL='1'
HAS_PIPECHAN='1'
HAS_PLUGINS='1'
HAS_POP3SMTP='1'
HAS_QOS='1'
HAS_REGEX='1'
HAS_REMCONN='1'
HAS_RESOLVER='1'
HAS_SAMPLES=''
HAS_SASL2='1'
HAS_SASL=''
HAS_SDL=''
HAS_SERIAL='1'
HAS_SHM_VIDEO='1'
HAS_SNMP='1'
HAS_SOAP=''
HAS_SOCKS='1'
HAS_STUN='1'
HAS_TELNET='1'
HAS_TTS='1'
HAS_URL='1'
HAS_VFW_CAPTURE=''
HAS_VIDEO='1'
HAS_VIDEO_CAPTURE='1'
HAS_VIDFILE='1'
HAS_VXML=''
HAS_WAVFILE='1'
HAS_XMLRPC=''
INSTALL_DATA='${INSTALL} -m 644'
INSTALL_PROGRAM='${INSTALL}'
INSTALL_SCRIPT='${INSTALL}'
LDFLAGS=''
LIBDIR='${exec_prefix}/lib_linux_x86_64'
LIBOBJS=''
LIBS=''
LTLIBOBJS=''
MACHTYPE='x86_64'
MAJOR_VERSION='2'
MINOR_VERSION='10'
OBJEXT='o'
OPENSSL_CFLAGS=' '
OPENSSL_LIBS='-lssl -lcrypto  '
OPTSTDCCFLAGS=''
OSRELEASE='"3.19.0-59-generic"'
OSTYPE='linux'
PACKAGE_BUGREPORT=''
PACKAGE_NAME=''
PACKAGE_STRING=''
PACKAGE_TARNAME=''
PACKAGE_URL=''
PACKAGE_VERSION=''
PATH_SEPARATOR=':'
PKG_CONFIG='/usr/bin/pkg-config'
PKG_CONFIG_LIBDIR=''
PKG_CONFIG_PATH='/usr/lib64/pkgconfig:/usr/local/lib/pkgconfig'
PTINSTDIR=''
PTLIBDIR='/home/jan/voip_compile/opalvoip-cvs/ptlib-2.10.9'
PTLIB_ASN='yes'
PTLIB_AUDIO='yes'
PTLIB_CONFIG_FILE='yes'
PTLIB_DTMF='yes'
PTLIB_EXPAT='no'
PTLIB_FFVDEV='yes'
PTLIB_FTP='yes'
PTLIB_HTTP='yes'
PTLIB_HTTPFORMS='yes'
PTLIB_HTTPSVC='yes'
PTLIB_IPV6='yes'
PTLIB_JABBER='no'
PTLIB_ODBC='no'
PTLIB_OPENLDAP='yes'
PTLIB_OPENSSL='yes'
PTLIB_OPENSSL_AES='yes'
PTLIB_PIPECHAN='yes'
PTLIB_POP3SMTP='yes'
PTLIB_REGEX='yes'
PTLIB_REMCONN='yes'
PTLIB_RESOLVER='yes'
PTLIB_SASL2='yes'
PTLIB_SASL='no'
PTLIB_SDL='no'
PTLIB_SERIAL='yes'
PTLIB_SHM_VIDEO='yes'
PTLIB_SNMP='yes'
PTLIB_SOAP='no'
PTLIB_SOCKS='yes'
PTLIB_STUN='yes'
PTLIB_TELNET='yes'
PTLIB_TTS='yes'
PTLIB_URL='yes'
PTLIB_VERSION='2.10.9'
PTLIB_VIDEO='yes'
PTLIB_VIDEO_CAPTURE='yes'
PTLIB_VIDFILE='yes'
PTLIB_VXML='no'
PTLIB_WAVFILE='yes'
PTLIB_XMLRPC='no'
P_STATIC_ENDLDLIBS=''
P_STATIC_LDFLAGS=''
SDL_CFLAGS=''
SDL_LIBS=''
SHAREDLIBEXT='so'
SHELL='/bin/bash'
STDCCFLAGS=' -DP_64BIT -DPTRACING=1 -D_REENTRANT     -fno-exceptions'
STDCXXFLAGS=' -felide-constructors -Wreorder'
TARGETDIR='unix'
USE_GCC='yes'
USE_PCH=''
ac_ct_CC='gcc'
ac_ct_CXX='g++'
bindir='${exec_prefix}/bin'
build='x86_64-unknown-linux-gnu'
build_alias=''
build_cpu='x86_64'
build_os='linux-gnu'
build_vendor='unknown'
datadir='${datarootdir}'
datarootdir='${prefix}/share'
docdir='${datarootdir}/doc/${PACKAGE}'
dvidir='${docdir}'
exec_prefix='${prefix}'
host='x86_64-unknown-linux-gnu'
host_alias=''
host_cpu='x86_64'
host_os='linux-gnu'
host_vendor='unknown'
htmldir='${docdir}'
includedir='${prefix}/include'
infodir='${datarootdir}/info'
libdir='${exec_prefix}/lib'
libexecdir='${exec_prefix}/libexec'
localedir='${datarootdir}/locale'
localstatedir='${prefix}/var'
mandir='${datarootdir}/man'
oldincludedir='/usr/include'
pdfdir='${docdir}'
prefix='/home/jan/voip_compile/opalvoip-cvs/ptlib-2.10.9'
program_transform_name='s,x,x,'
psdir='${docdir}'
sbindir='${exec_prefix}/sbin'
sharedstatedir='${prefix}/com'
subdirs=' plugins'
sysconfdir='${prefix}/etc'
target='x86_64-unknown-linux-gnu'
target_alias=''
target_cpu='x86_64'
target_os='linux-gnu'
target_vendor='unknown'

## ----------- ##
## confdefs.h. ##
## ----------- ##

/* confdefs.h */
#define PACKAGE_NAME ""
#define PACKAGE_TARNAME ""
#define PACKAGE_VERSION ""
#define PACKAGE_STRING ""
#define PACKAGE_BUGREPORT ""
#define PACKAGE_URL ""
#define PTLIB_MAJOR 2
#define PTLIB_MINOR 10
#define PTLIB_BUILD 9
#define PTLIB_VERSION "2.10.9"
#define P_PTHREADS 1
#define USE_SYSTEM_SWAB /**/
#define P_LINUX "3.19.0-59-generic"
#define P_64BIT 1
#define P_SHAREDLIBEXT $SHAREDLIBEXT
#define STDC_HEADERS 1
#define HAVE_SYS_TYPES_H 1
#define HAVE_SYS_STAT_H 1
#define HAVE_STDLIB_H 1
#define HAVE_STRING_H 1
#define HAVE_MEMORY_H 1
#define HAVE_STRINGS_H 1
#define HAVE_INTTYPES_H 1
#define HAVE_STDINT_H 1
#define HAVE_UNISTD_H 1
#define PBYTE_ORDER PLITTLE_ENDIAN
#define SIZEOF_INT 4
#define HAVE_LONG_DOUBLE_WIDER 1
#define HAVE_LONG_DOUBLE 1
#define P_HAS_POSIX_READDIR_R 3
#define P_USE_STANDARD_CXX_BOOL 1
#define P_HAS_RECVMSG 1
#define P_HAS_IPV6_ADD_MEMBERSHIP 1
#define P_HAS_NETLINK 1
#define P_HAS_STL_STREAMS 1
#define P_HAS_ATOMIC_INT 1
#define P_NEEDS_GNU_CXX_NAMESPACE 1
#define P_HAS_SEMAPHORES 1
#define P_PTHREADS_XPG6 1
#define P_HAS_SEMAPHORES_XPG6 1
#define P_HAS_RECURSIVE_MUTEX 1
#define P_SETPGRP_NOPARM 1
#define HAVE_REGEX_H 1
#define P_REGEX 1
#define HAVE_DLFCN_H 1
#define P_DYNALINK 1
#define P_PLUGINS 1
#define P_DEFAULT_PLUGIN_DIR "/home/jan/voip_compile/opalvoip-cvs/ptlib-2.10.9/lib_linux_x86_64/ptlib-2.10.9"
#define P_DNS 1
#define P_HAS_RES_NINIT 1
#define P_HAS_SASL_SASL_H 1
#define P_SASL 2
#define HAVE_LDAP_H 1
#define P_LDAP 1
#define P_OSSL 1
#define HAVE_OPENSSL_AES_H 1
#define P_OSSL_AES 1
#define P_SSL_USE_CONST 1
#define P_HAS_IPV6 1
#define P_HAS_INET_NTOP 1
#define P_CONFIG_FILE 1
#define P_URL 1
#define P_HTTP 1
#define P_HTTPFORMS 1
#define P_HTTPSVC 1
#define P_TTS 1
#define P_ASN 1
#define P_STUN 1
#define P_PIPECHAN 1
#define P_DTMF 1
#define P_SOCKS 1
#define P_FTP 1
#define P_SNMP 1
#define P_TELNET 1
#define P_REMCONN 1
#define P_SERIAL 1
#define P_POP3SMTP 1
#define P_AUDIO 1
#define P_WAVFILE 1
#define P_QOS 1
#define P_VIDEO 1
#define P_VIDFILE 1
#define P_FFVDEV 1
#define P_SHM_VIDEO 1

configure: exit 0
