Warning: ignoring unsupported tag `DOXYFILE_ENCODING      =' at line 23, file ptlib_cfg.dxy
Warning: ignoring unsupported tag `QT_AUTOBRIEF           =' at line 148, file ptlib_cfg.dxy
Warning: ignoring unsupported tag `OPTIMIZE_FOR_FORTRAN   =' at line 202, file ptlib_cfg.dxy
Warning: ignoring unsupported tag `OPTIMIZE_OUTPUT_VHDL   =' at line 208, file ptlib_cfg.dxy
Warning: ignoring unsupported tag `EXTENSION_MAPPING      =' at line 219, file ptlib_cfg.dxy
Warning: ignoring unsupported tag `CPP_CLI_SUPPORT        =' at line 233, file ptlib_cfg.dxy
Warning: ignoring unsupported tag `SIP_SUPPORT            =' at line 239, file ptlib_cfg.dxy
Warning: ignoring unsupported tag `IDL_PROPERTY_SUPPORT   =' at line 248, file ptlib_cfg.dxy
Warning: ignoring unsupported tag `TYPEDEF_HIDES_STRUCT   =' at line 273, file ptlib_cfg.dxy
Warning: ignoring unsupported tag `SYMBOL_CACHE_SIZE      =' at line 289, file ptlib_cfg.dxy
Warning: ignoring unsupported tag `EXTRACT_ANON_NSPACES   =' at line 331, file ptlib_cfg.dxy
Warning: ignoring unsupported tag `SORT_MEMBERS_CTORS_1ST =' at line 410, file ptlib_cfg.dxy
Warning: ignoring unsupported tag `SORT_GROUP_NAMES       =' at line 416, file ptlib_cfg.dxy
Warning: ignoring unsupported tag `SHOW_FILES             =' at line 483, file ptlib_cfg.dxy
Warning: ignoring unsupported tag `SHOW_NAMESPACES        =' at line 490, file ptlib_cfg.dxy
Warning: ignoring unsupported tag `LAYOUT_FILE            =' at line 509, file ptlib_cfg.dxy
Warning: ignoring unsupported tag `INPUT_ENCODING         =' at line 581, file ptlib_cfg.dxy
Warning: ignoring unsupported tag `EXCLUDE_SYMBOLS        =' at line 624, file ptlib_cfg.dxy
Warning: ignoring unsupported tag `HTML_TIMESTAMP         =' at line 795, file ptlib_cfg.dxy
Warning: ignoring unsupported tag `HTML_DYNAMIC_SECTIONS  =' at line 818, file ptlib_cfg.dxy
Warning: ignoring unsupported tag `GENERATE_DOCSET        =' at line 830, file ptlib_cfg.dxy
Warning: ignoring unsupported tag `DOCSET_FEEDNAME        =' at line 837, file ptlib_cfg.dxy
Warning: ignoring unsupported tag `DOCSET_BUNDLE_ID       =' at line 844, file ptlib_cfg.dxy
Warning: ignoring unsupported tag `CHM_INDEX_ENCODING     =' at line 877, file ptlib_cfg.dxy
Warning: ignoring unsupported tag `GENERATE_QHP           =' at line 895, file ptlib_cfg.dxy
Warning: ignoring unsupported tag `QCH_FILE               =' at line 901, file ptlib_cfg.dxy
Warning: ignoring unsupported tag `QHP_NAMESPACE          =' at line 907, file ptlib_cfg.dxy
Warning: ignoring unsupported tag `QHP_VIRTUAL_FOLDER     =' at line 913, file ptlib_cfg.dxy
Warning: ignoring unsupported tag `QHP_CUST_FILTER_NAME   =' at line 919, file ptlib_cfg.dxy
Warning: ignoring unsupported tag `QHP_CUST_FILTER_ATTRS  =' at line 924, file ptlib_cfg.dxy
Warning: ignoring unsupported tag `QHP_SECT_FILTER_ATTRS  =' at line 930, file ptlib_cfg.dxy
Warning: ignoring unsupported tag `QHG_LOCATION           =' at line 937, file ptlib_cfg.dxy
Warning: ignoring unsupported tag `USE_INLINE_TREES       =' at line 963, file ptlib_cfg.dxy
Warning: ignoring unsupported tag `FORMULA_FONTSIZE       =' at line 977, file ptlib_cfg.dxy
Warning: ignoring unsupported tag `LATEX_SOURCE_CODE      =' at line 1064, file ptlib_cfg.dxy
Warning: ignoring unsupported tag `MSCGEN_PATH            =' at line 1354, file ptlib_cfg.dxy
Warning: ignoring unsupported tag `DOT_FONTNAME           =' at line 1378, file ptlib_cfg.dxy
Warning: ignoring unsupported tag `DOT_FONTSIZE           =' at line 1383, file ptlib_cfg.dxy
Warning: ignoring unsupported tag `DOT_FONTPATH           =' at line 1390, file ptlib_cfg.dxy
Warning: ignoring unsupported tag `DOT_GRAPH_MAX_NODES    =' at line 1489, file ptlib_cfg.dxy
Searching for include files...
Searching for example files...
Searching for images...
Searching for dot files...
Searching for files to exclude
Searching for files to process...
Reading and parsing tag files
Preprocessing /home/robertj/releases/ptlib/ptlib.dxy...
Parsing file /home/robertj/releases/ptlib/ptlib.dxy...
Preprocessing /home/robertj/releases/ptlib/include/ptlib/args.h...
Parsing file /home/robertj/releases/ptlib/include/ptlib/args.h...
Preprocessing /home/robertj/releases/ptlib/include/ptlib/array.h...
Parsing file /home/robertj/releases/ptlib/include/ptlib/array.h...
Preprocessing /home/robertj/releases/ptlib/include/ptlib/channel.h...
Parsing file /home/robertj/releases/ptlib/include/ptlib/channel.h...
Preprocessing /home/robertj/releases/ptlib/include/ptlib/conchan.h...
Parsing file /home/robertj/releases/ptlib/include/ptlib/conchan.h...
Preprocessing /home/robertj/releases/ptlib/include/ptlib/config.h...
Parsing file /home/robertj/releases/ptlib/include/ptlib/config.h...
Preprocessing /home/robertj/releases/ptlib/include/ptlib/contain.h...
Parsing file /home/robertj/releases/ptlib/include/ptlib/contain.h...
Preprocessing /home/robertj/releases/ptlib/include/ptlib/critsec.h...
Parsing file /home/robertj/releases/ptlib/include/ptlib/critsec.h...
Preprocessing /home/robertj/releases/ptlib/include/ptlib/dict.h...
Parsing file /home/robertj/releases/ptlib/include/ptlib/dict.h...
Preprocessing /home/robertj/releases/ptlib/include/ptlib/dynalink.h...
Parsing file /home/robertj/releases/ptlib/include/ptlib/dynalink.h...
Preprocessing /home/robertj/releases/ptlib/include/ptlib/ethsock.h...
Parsing file /home/robertj/releases/ptlib/include/ptlib/ethsock.h...
Preprocessing /home/robertj/releases/ptlib/include/ptlib/file.h...
Parsing file /home/robertj/releases/ptlib/include/ptlib/file.h...
Preprocessing /home/robertj/releases/ptlib/include/ptlib/filepath.h...
Parsing file /home/robertj/releases/ptlib/include/ptlib/filepath.h...
Preprocessing /home/robertj/releases/ptlib/include/ptlib/icmpsock.h...
Parsing file /home/robertj/releases/ptlib/include/ptlib/icmpsock.h...
Preprocessing /home/robertj/releases/ptlib/include/ptlib/indchan.h...
Parsing file /home/robertj/releases/ptlib/include/ptlib/indchan.h...
Preprocessing /home/robertj/releases/ptlib/include/ptlib/int64.h...
Parsing file /home/robertj/releases/ptlib/include/ptlib/int64.h...
Preprocessing /home/robertj/releases/ptlib/include/ptlib/ipdsock.h...
Parsing file /home/robertj/releases/ptlib/include/ptlib/ipdsock.h...
Preprocessing /home/robertj/releases/ptlib/include/ptlib/ipsock.h...
Parsing file /home/robertj/releases/ptlib/include/ptlib/ipsock.h...
Preprocessing /home/robertj/releases/ptlib/include/ptlib/lists.h...
Parsing file /home/robertj/releases/ptlib/include/ptlib/lists.h...
Preprocessing /home/robertj/releases/ptlib/include/ptlib/MacMainIf.h...
Parsing file /home/robertj/releases/ptlib/include/ptlib/MacMainIf.h...
Preprocessing /home/robertj/releases/ptlib/include/ptlib/mail.h...
Parsing file /home/robertj/releases/ptlib/include/ptlib/mail.h...
Preprocessing /home/robertj/releases/ptlib/include/ptlib/mutex.h...
Parsing file /home/robertj/releases/ptlib/include/ptlib/mutex.h...
Preprocessing /home/robertj/releases/ptlib/include/ptlib/notifier.h...
Parsing file /home/robertj/releases/ptlib/include/ptlib/notifier.h...
Preprocessing /home/robertj/releases/ptlib/include/ptlib/notifier_ext.h...
Parsing file /home/robertj/releases/ptlib/include/ptlib/notifier_ext.h...
Preprocessing /home/robertj/releases/ptlib/include/ptlib/object.h...
Parsing file /home/robertj/releases/ptlib/include/ptlib/object.h...
Preprocessing /home/robertj/releases/ptlib/include/ptlib/pdirect.h...
Parsing file /home/robertj/releases/ptlib/include/ptlib/pdirect.h...
Preprocessing /home/robertj/releases/ptlib/include/ptlib/pfactory.h...
Parsing file /home/robertj/releases/ptlib/include/ptlib/pfactory.h...
Preprocessing /home/robertj/releases/ptlib/include/ptlib/pipechan.h...
Parsing file /home/robertj/releases/ptlib/include/ptlib/pipechan.h...
Preprocessing /home/robertj/releases/ptlib/include/ptlib/plugin.h...
Parsing file /home/robertj/releases/ptlib/include/ptlib/plugin.h...
Preprocessing /home/robertj/releases/ptlib/include/ptlib/pluginmgr.h...
Parsing file /home/robertj/releases/ptlib/include/ptlib/pluginmgr.h...
Preprocessing /home/robertj/releases/ptlib/include/ptlib/pprocess.h...
Parsing file /home/robertj/releases/ptlib/include/ptlib/pprocess.h...
Preprocessing /home/robertj/releases/ptlib/include/ptlib/psharedptr.h...
Parsing file /home/robertj/releases/ptlib/include/ptlib/psharedptr.h...
Preprocessing /home/robertj/releases/ptlib/include/ptlib/pstring.h...
Parsing file /home/robertj/releases/ptlib/include/ptlib/pstring.h...
Preprocessing /home/robertj/releases/ptlib/include/ptlib/psync.h...
Parsing file /home/robertj/releases/ptlib/include/ptlib/psync.h...
Preprocessing /home/robertj/releases/ptlib/include/ptlib/ptime.h...
Parsing file /home/robertj/releases/ptlib/include/ptlib/ptime.h...
Preprocessing /home/robertj/releases/ptlib/include/ptlib/qos.h...
Parsing file /home/robertj/releases/ptlib/include/ptlib/qos.h...
Preprocessing /home/robertj/releases/ptlib/include/ptlib/remconn.h...
Parsing file /home/robertj/releases/ptlib/include/ptlib/remconn.h...
Preprocessing /home/robertj/releases/ptlib/include/ptlib/safecoll.h...
Parsing file /home/robertj/releases/ptlib/include/ptlib/safecoll.h...
Preprocessing /home/robertj/releases/ptlib/include/ptlib/semaphor.h...
Parsing file /home/robertj/releases/ptlib/include/ptlib/semaphor.h...
Preprocessing /home/robertj/releases/ptlib/include/ptlib/serchan.h...
Parsing file /home/robertj/releases/ptlib/include/ptlib/serchan.h...
Preprocessing /home/robertj/releases/ptlib/include/ptlib/sfile.h...
Parsing file /home/robertj/releases/ptlib/include/ptlib/sfile.h...
Preprocessing /home/robertj/releases/ptlib/include/ptlib/smartptr.h...
Parsing file /home/robertj/releases/ptlib/include/ptlib/smartptr.h...
Preprocessing /home/robertj/releases/ptlib/include/ptlib/socket.h...
Parsing file /home/robertj/releases/ptlib/include/ptlib/socket.h...
Preprocessing /home/robertj/releases/ptlib/include/ptlib/sockets.h...
Parsing file /home/robertj/releases/ptlib/include/ptlib/sockets.h...
Preprocessing /home/robertj/releases/ptlib/include/ptlib/sound.h...
Parsing file /home/robertj/releases/ptlib/include/ptlib/sound.h...
Preprocessing /home/robertj/releases/ptlib/include/ptlib/svcproc.h...
Parsing file /home/robertj/releases/ptlib/include/ptlib/svcproc.h...
Preprocessing /home/robertj/releases/ptlib/include/ptlib/syncpoint.h...
Parsing file /home/robertj/releases/ptlib/include/ptlib/syncpoint.h...
Preprocessing /home/robertj/releases/ptlib/include/ptlib/syncthrd.h...
Parsing file /home/robertj/releases/ptlib/include/ptlib/syncthrd.h...
Preprocessing /home/robertj/releases/ptlib/include/ptlib/syslog.h...
Parsing file /home/robertj/releases/ptlib/include/ptlib/syslog.h...
Preprocessing /home/robertj/releases/ptlib/include/ptlib/tcpsock.h...
Parsing file /home/robertj/releases/ptlib/include/ptlib/tcpsock.h...
Preprocessing /home/robertj/releases/ptlib/include/ptlib/textfile.h...
Parsing file /home/robertj/releases/ptlib/include/ptlib/textfile.h...
Preprocessing /home/robertj/releases/ptlib/include/ptlib/thread.h...
Parsing file /home/robertj/releases/ptlib/include/ptlib/thread.h...
Preprocessing /home/robertj/releases/ptlib/include/ptlib/timeint.h...
Parsing file /home/robertj/releases/ptlib/include/ptlib/timeint.h...
Preprocessing /home/robertj/releases/ptlib/include/ptlib/timer.h...
Parsing file /home/robertj/releases/ptlib/include/ptlib/timer.h...
Preprocessing /home/robertj/releases/ptlib/include/ptlib/udpsock.h...
Parsing file /home/robertj/releases/ptlib/include/ptlib/udpsock.h...
Preprocessing /home/robertj/releases/ptlib/include/ptlib/vconvert.h...
Parsing file /home/robertj/releases/ptlib/include/ptlib/vconvert.h...
Preprocessing /home/robertj/releases/ptlib/include/ptlib/video.h...
Parsing file /home/robertj/releases/ptlib/include/ptlib/video.h...
Preprocessing /home/robertj/releases/ptlib/include/ptlib/videoio.h...
Parsing file /home/robertj/releases/ptlib/include/ptlib/videoio.h...
Preprocessing /home/robertj/releases/ptlib/include/ptlib/videoio1394dc.h...
Parsing file /home/robertj/releases/ptlib/include/ptlib/videoio1394dc.h...
Preprocessing /home/robertj/releases/ptlib/include/ptlib/wxstring.h...
Parsing file /home/robertj/releases/ptlib/include/ptlib/wxstring.h...
Preprocessing /home/robertj/releases/ptlib/include/ptclib/asnber.h...
Parsing file /home/robertj/releases/ptlib/include/ptclib/asnber.h...
Preprocessing /home/robertj/releases/ptlib/include/ptclib/asner.h...
Parsing file /home/robertj/releases/ptlib/include/ptclib/asner.h...
Preprocessing /home/robertj/releases/ptlib/include/ptclib/asnper.h...
Parsing file /home/robertj/releases/ptlib/include/ptclib/asnper.h...
Preprocessing /home/robertj/releases/ptlib/include/ptclib/asnxer.h...
Parsing file /home/robertj/releases/ptlib/include/ptclib/asnxer.h...
Preprocessing /home/robertj/releases/ptlib/include/ptclib/cli.h...
Parsing file /home/robertj/releases/ptlib/include/ptclib/cli.h...
Preprocessing /home/robertj/releases/ptlib/include/ptclib/cypher.h...
Parsing file /home/robertj/releases/ptlib/include/ptclib/cypher.h...
Preprocessing /home/robertj/releases/ptlib/include/ptclib/delaychan.h...
Parsing file /home/robertj/releases/ptlib/include/ptclib/delaychan.h...
Preprocessing /home/robertj/releases/ptlib/include/ptclib/dtmf.h...
Parsing file /home/robertj/releases/ptlib/include/ptclib/dtmf.h...
Preprocessing /home/robertj/releases/ptlib/include/ptclib/enum.h...
Parsing file /home/robertj/releases/ptlib/include/ptclib/enum.h...
Preprocessing /home/robertj/releases/ptlib/include/ptclib/ftp.h...
Parsing file /home/robertj/releases/ptlib/include/ptclib/ftp.h...
Preprocessing /home/robertj/releases/ptlib/include/ptclib/guid.h...
Parsing file /home/robertj/releases/ptlib/include/ptclib/guid.h...
Preprocessing /home/robertj/releases/ptlib/include/ptclib/html.h...
Parsing file /home/robertj/releases/ptlib/include/ptclib/html.h...
Preprocessing /home/robertj/releases/ptlib/include/ptclib/http.h...
Parsing file /home/robertj/releases/ptlib/include/ptclib/http.h...
Preprocessing /home/robertj/releases/ptlib/include/ptclib/httpform.h...
Parsing file /home/robertj/releases/ptlib/include/ptclib/httpform.h...
Preprocessing /home/robertj/releases/ptlib/include/ptclib/httpsvc.h...
Parsing file /home/robertj/releases/ptlib/include/ptclib/httpsvc.h...
Preprocessing /home/robertj/releases/ptlib/include/ptclib/inetmail.h...
Parsing file /home/robertj/releases/ptlib/include/ptclib/inetmail.h...
Preprocessing /home/robertj/releases/ptlib/include/ptclib/inetprot.h...
Parsing file /home/robertj/releases/ptlib/include/ptclib/inetprot.h...
Preprocessing /home/robertj/releases/ptlib/include/ptclib/ipacl.h...
Parsing file /home/robertj/releases/ptlib/include/ptclib/ipacl.h...
Preprocessing /home/robertj/releases/ptlib/include/ptclib/lua.h...
Parsing file /home/robertj/releases/ptlib/include/ptclib/lua.h...
Preprocessing /home/robertj/releases/ptlib/include/ptclib/memfile.h...
Parsing file /home/robertj/releases/ptlib/include/ptclib/memfile.h...
Preprocessing /home/robertj/releases/ptlib/include/ptclib/mime.h...
Parsing file /home/robertj/releases/ptlib/include/ptclib/mime.h...
Preprocessing /home/robertj/releases/ptlib/include/ptclib/modem.h...
Parsing file /home/robertj/releases/ptlib/include/ptclib/modem.h...
Preprocessing /home/robertj/releases/ptlib/include/ptclib/paec.h...
Parsing file /home/robertj/releases/ptlib/include/ptclib/paec.h...
Preprocessing /home/robertj/releases/ptlib/include/ptclib/pasn.h...
Parsing file /home/robertj/releases/ptlib/include/ptclib/pasn.h...
Preprocessing /home/robertj/releases/ptlib/include/ptclib/pdns.h...
Parsing file /home/robertj/releases/ptlib/include/ptclib/pdns.h...
Preprocessing /home/robertj/releases/ptlib/include/ptclib/pffvdev.h...
Parsing file /home/robertj/releases/ptlib/include/ptclib/pffvdev.h...
Preprocessing /home/robertj/releases/ptlib/include/ptclib/pils.h...
Parsing file /home/robertj/releases/ptlib/include/ptclib/pils.h...
Preprocessing /home/robertj/releases/ptlib/include/ptclib/pldap.h...
Parsing file /home/robertj/releases/ptlib/include/ptclib/pldap.h...
Preprocessing /home/robertj/releases/ptlib/include/ptclib/pnat.h...
Parsing file /home/robertj/releases/ptlib/include/ptclib/pnat.h...
Preprocessing /home/robertj/releases/ptlib/include/ptclib/podbc.h...
Parsing file /home/robertj/releases/ptlib/include/ptclib/podbc.h...
Preprocessing /home/robertj/releases/ptlib/include/ptclib/psasl.h...
Parsing file /home/robertj/releases/ptlib/include/ptclib/psasl.h...
Preprocessing /home/robertj/releases/ptlib/include/ptclib/psnmp.h...
Parsing file /home/robertj/releases/ptlib/include/ptclib/psnmp.h...
Preprocessing /home/robertj/releases/ptlib/include/ptclib/psoap.h...
Parsing file /home/robertj/releases/ptlib/include/ptclib/psoap.h...
Preprocessing /home/robertj/releases/ptlib/include/ptclib/psockbun.h...
Parsing file /home/robertj/releases/ptlib/include/ptclib/psockbun.h...
Preprocessing /home/robertj/releases/ptlib/include/ptclib/pssl.h...
Parsing file /home/robertj/releases/ptlib/include/ptclib/pssl.h...
Preprocessing /home/robertj/releases/ptlib/include/ptclib/pstun.h...
Parsing file /home/robertj/releases/ptlib/include/ptclib/pstun.h...
Preprocessing /home/robertj/releases/ptlib/include/ptclib/ptts.h...
Parsing file /home/robertj/releases/ptlib/include/ptclib/ptts.h...
Preprocessing /home/robertj/releases/ptlib/include/ptclib/pvfiledev.h...
Parsing file /home/robertj/releases/ptlib/include/ptclib/pvfiledev.h...
Preprocessing /home/robertj/releases/ptlib/include/ptclib/pvidfile.h...
Parsing file /home/robertj/releases/ptlib/include/ptclib/pvidfile.h...
Preprocessing /home/robertj/releases/ptlib/include/ptclib/pwavfile.h...
Parsing file /home/robertj/releases/ptlib/include/ptclib/pwavfile.h...
Preprocessing /home/robertj/releases/ptlib/include/ptclib/pwavfiledev.h...
Parsing file /home/robertj/releases/ptlib/include/ptclib/pwavfiledev.h...
Preprocessing /home/robertj/releases/ptlib/include/ptclib/pxml.h...
Parsing file /home/robertj/releases/ptlib/include/ptclib/pxml.h...
Preprocessing /home/robertj/releases/ptlib/include/ptclib/pxmlrpc.h...
Parsing file /home/robertj/releases/ptlib/include/ptclib/pxmlrpc.h...
Preprocessing /home/robertj/releases/ptlib/include/ptclib/pxmlrpcs.h...
Parsing file /home/robertj/releases/ptlib/include/ptclib/pxmlrpcs.h...
Preprocessing /home/robertj/releases/ptlib/include/ptclib/qchannel.h...
Parsing file /home/robertj/releases/ptlib/include/ptclib/qchannel.h...
Preprocessing /home/robertj/releases/ptlib/include/ptclib/random.h...
Parsing file /home/robertj/releases/ptlib/include/ptclib/random.h...
Preprocessing /home/robertj/releases/ptlib/include/ptclib/rfc1155.h...
Parsing file /home/robertj/releases/ptlib/include/ptclib/rfc1155.h...
Preprocessing /home/robertj/releases/ptlib/include/ptclib/shttpsvc.h...
Parsing file /home/robertj/releases/ptlib/include/ptclib/shttpsvc.h...
Preprocessing /home/robertj/releases/ptlib/include/ptclib/snmp.h...
Parsing file /home/robertj/releases/ptlib/include/ptclib/snmp.h...
Preprocessing /home/robertj/releases/ptlib/include/ptclib/socks.h...
Parsing file /home/robertj/releases/ptlib/include/ptclib/socks.h...
Preprocessing /home/robertj/releases/ptlib/include/ptclib/telnet.h...
Parsing file /home/robertj/releases/ptlib/include/ptclib/telnet.h...
Preprocessing /home/robertj/releases/ptlib/include/ptclib/threadpool.h...
Parsing file /home/robertj/releases/ptlib/include/ptclib/threadpool.h...
Preprocessing /home/robertj/releases/ptlib/include/ptclib/url.h...
Parsing file /home/robertj/releases/ptlib/include/ptclib/url.h...
Preprocessing /home/robertj/releases/ptlib/include/ptclib/vcard.h...
Parsing file /home/robertj/releases/ptlib/include/ptclib/vcard.h...
Preprocessing /home/robertj/releases/ptlib/include/ptclib/vsdl.h...
Parsing file /home/robertj/releases/ptlib/include/ptclib/vsdl.h...
Preprocessing /home/robertj/releases/ptlib/include/ptclib/vxml.h...
Parsing file /home/robertj/releases/ptlib/include/ptclib/vxml.h...
Preprocessing /home/robertj/releases/ptlib/include/ptclib/xmpp.h...
Parsing file /home/robertj/releases/ptlib/include/ptclib/xmpp.h...
Preprocessing /home/robertj/releases/ptlib/include/ptclib/xmpp_c2s.h...
Parsing file /home/robertj/releases/ptlib/include/ptclib/xmpp_c2s.h...
Preprocessing /home/robertj/releases/ptlib/include/ptclib/xmpp_muc.h...
Parsing file /home/robertj/releases/ptlib/include/ptclib/xmpp_muc.h...
Preprocessing /home/robertj/releases/ptlib/include/ptclib/xmpp_roster.h...
Parsing file /home/robertj/releases/ptlib/include/ptclib/xmpp_roster.h...
Building group list...
Building directory list...
Building namespace list...
Building file list...
Searching for included using directives...
Building class list...
Associating documentation with classes...
Computing nesting relations for classes...
Searching for members imported via using declarations...
Building example list...
Searching for documented variables...
Building member list...
Searching for friends...
Searching for documented defines...
Computing template instances...
Flushing cached template relations that have become invalid...
Creating members for template instances...
Computing class relations...
Searching for enumerations...
Searching for member function documentation...
Building page list...
Search for main page...
Computing page relations...
Determining the scope of groups...
Sorting lists...
Freeing entry tree
Determining which enums are documented
Computing member relations...
Building full member lists recursively...
Adding members to member groups.
Computing member references...
Inheriting documentation...
Generating disk names...
Adding source references...
Adding todo/test/bug list items...
Computing dependencies between directories...
Generating style sheet...
Counting data structures...
Resolving user defined references...
Combining using relations...
Finding anchors and sections in the documentation...
Generating index page...
Generating example documentation...
Generating file sources...
Generating code for file args.h...
Generating code for file array.h...
Generating code for file asnber.h...
Generating code for file asner.h...
Generating code for file asnper.h...
Generating code for file asnxer.h...
Generating code for file channel.h...
Generating code for file cli.h...
Generating code for file conchan.h...
Generating code for file config.h...
Generating code for file contain.h...
Generating code for file critsec.h...
Generating code for file cypher.h...
Generating code for file delaychan.h...
Generating code for file dict.h...
Generating code for file dtmf.h...
Generating code for file dynalink.h...
Generating code for file enum.h...
Generating code for file ethsock.h...
Generating code for file file.h...
Generating code for file filepath.h...
Generating code for file ftp.h...
Generating code for file guid.h...
Generating code for file html.h...
Generating code for file http.h...
Generating code for file httpform.h...
Generating code for file httpsvc.h...
Generating code for file icmpsock.h...
Generating code for file indchan.h...
Generating code for file inetmail.h...
Generating code for file inetprot.h...
Generating code for file int64.h...
Generating code for file ipacl.h...
Generating code for file ipdsock.h...
Generating code for file ipsock.h...
Generating code for file lists.h...
Generating code for file lua.h...
Generating code for file MacMainIf.h...
Generating code for file mail.h...
Generating code for file memfile.h...
Generating code for file mime.h...
Generating code for file modem.h...
Generating code for file mutex.h...
Generating code for file notifier.h...
Generating code for file notifier_ext.h...
Generating code for file object.h...
Generating code for file paec.h...
Generating code for file pasn.h...
Generating code for file pdirect.h...
Generating code for file pdns.h...
Generating code for file pfactory.h...
Generating code for file pffvdev.h...
Generating code for file pils.h...
Generating code for file pipechan.h...
Generating code for file pldap.h...
Generating code for file plugin.h...
Generating code for file pluginmgr.h...
Generating code for file pnat.h...
Generating code for file podbc.h...
Generating code for file pprocess.h...
Ge/home/robertj/releases/ptlib/include/ptlib/object.h:884: Warning: explicit link request to 'define' could not be resolved
nerating code for file psasl.h...
Generating code for file psharedptr.h...
Generating code for file psnmp.h...
Generating code for file psoap.h...
Generating code for file psockbun.h...
Generating code for file pssl.h...
Generating code for file pstring.h...
Generating code for file pstun.h...
Generating code for file psync.h...
Generating code for file ptime.h...
Generating code for file ptts.h...
Generating code for file pvfiledev.h...
Generating code for file pvidfile.h...
Generating code for file pwavfile.h...
Generating code for file pwavfiledev.h...
Generating code for file pxml.h...
Generating code for file pxmlrpc.h...
Generating code for file pxmlrpcs.h...
Generating code for file qchannel.h...
Generating code for file qos.h...
Generating code for file random.h...
Generating code for file remconn.h...
Generating code for file rfc1155.h...
Generating code for file safecoll.h...
Generating code for file semaphor.h...
Generating code for file serchan.h...
Generating code for file sfile.h...
Generating code for file shttpsvc.h...
Generating code for file smartptr.h...
Generating code for file snmp.h...
Generating code for file socket.h...
Generating code for file sockets.h...
Generating code for file socks.h...
Generating code for file sound.h...
Generating code for file svcproc.h...
Generating code for file syncpoint.h...
Generating code for file syncthrd.h...
Generating code for file syslog.h...
Generating code for file tcpsock.h...
Generating code for file telnet.h...
Generating code for file textfile.h...
Generating code for file thread.h...
Generating code for file threadpool.h...
Generating code for file timeint.h...
Generating code for file timer.h...
Generating code for file udpsock.h...
Generating code for file url.h...
Generating code for file vcard.h...
Generating code for file vconvert.h...
Generating code for file video.h...
Generating code for file videoio.h...
Generating code for file videoio1394dc.h...
Generating code for file vsdl.h...
Generating code for file vxml.h...
Generating code for file wxstring.h...
Generating code for file xmpp.h...
Generating code for file xmpp_c2s.h...
Generating code for file xmpp_muc.h...
Generating code for file xmpp_roster.h...
Generating file documentation...
Generating docs for file args.h...
Generating docs for file array.h...
Generating docs for file asnber.h...
Generating docs for file asner.h...
Generating docs for file asnper.h...
Generating docs for file asnxer.h...
Generating docs for file channel.h...
Generating docs for file cli.h...
Generating docs for file conchan.h...
Generating docs for file config.h...
Generating docs for file contain.h...
Generating docs for file critsec.h...
Generating docs for file cypher.h...
Generating docs for file delaychan.h...
Generating docs for file dict.h...
Generating docs for file dtmf.h...
Generating docs for file dynalink.h...
Generating docs for file enum.h...
Generating docs for file ethsock.h...
Generating docs for file file.h...
Generating docs for file filepath.h...
Generating docs for file ftp.h...
Generating docs for file guid.h...
Generating docs for file html.h...
Generating docs for file http.h...
Generating docs for file httpform.h...
Generating docs for file httpsvc.h...
Generating docs for file icmpsock.h...
Generating docs for file indchan.h...
Generating docs for file inetmail.h...
Generating docs for file inetprot.h...
Generating docs for file int64.h...
Generating docs for file ipacl.h...
Generating docs for file ipdsock.h...
Generating docs for file ipsock.h...
Generating docs for file lists.h...
Generating docs for file lua.h...
Generating docs for file MacMainIf.h...
Generating docs for file mail.h...
Generating docs for file memfile.h...
Generating docs for file mime.h...
Generating docs for file modem.h...
Generating docs for file mutex.h...
Generating docs for file notifier.h...
Generating docs for file notifier_ext.h...
Generating docs for file object.h...
Generating docs for file paec.h...
Generating docs for file pasn.h...
Generating docs for file pdirect.h...
Generating docs for file pdns.h../home/robertj/releases/ptlib/include/ptlib/object.h:1286: Warning: explicit link request to 'operator' could not be resolved
/home/robertj/releases/ptlib/include/ptlib/object.h:1286: Warning: explicit link request to 'operator' could not be resolved
/home/robertj/releases/ptlib/include/ptlib/object.h:1286: Warning: explicit link request to 'operator' could not be resolved
.
Generating docs for file pfactory.h...
Generating docs for file pffvdev.h...
Generating docs for file pils.h...
Generating docs for file pipechan.h...
Generating docs for file pldap.h...
Generating docs for file plugin.h...
Generating docs for file pluginmgr.h...
Generating docs for file pnat.h...
Generating docs for file podbc.h...
Generating docs for file pprocess.h...
Generating docs for file psasl.h...
Generating docs for file psharedptr.h...
Generating docs for file psnmp.h...
Generating docs for file psoap.h...
Generating docs for file psockbun.h...
Generating docs for file pssl.h...
Generating docs for file pstring.h...
Generating docs for file pstun.h...
Generating docs for file psync.h...
Generating docs for file ptime.h...
Generating docs for file ptlib.dxy...
Generating docs for file ptts.h...
Generating docs for file pvfiledev.h...
Generating docs for file pvidfile.h...
Generating docs for file pwavfile.h...
Generating docs for file pwavfiledev.h...
Generating docs for file pxml.h...
Generating docs for file pxmlrpc.h...
Generating docs for file pxmlrpcs.h...
Generating docs for file qchannel.h...
Generating docs for file qos.h...
Generating docs for file random.h...
Generating docs for file remconn.h...
Generating docs for file rfc1155.h...
Generating docs for file safecoll.h...
Generating docs for file semaphor.h...
Generating docs for file serchan.h...
Generating docs for file sfile.h...
Generating docs for file shttpsvc.h...
Generating docs for file smartptr.h...
Generating docs for file snmp.h...
Generating docs for file socket.h...
Generating docs for file sockets.h...
Generating docs for file socks.h...
Generating docs for file sound.h...
Generating docs for file svcproc.h...
Generating docs for file syncpoint.h...
Generating docs for file syncthrd.h...
Generating docs for file syslog.h...
Generating docs for file tcpsock.h...
Generating docs for file telnet.h...
Generating docs for file textfile.h...
Generating docs for file thread.h...
Generating docs for file threadpool.h...
Generating docs for file timeint.h...
Generating docs for file timer.h...
Generating docs for file udpsock.h...
Generating docs for file url.h...
Generating docs for file vcard.h...
Generating docs for file vconvert.h...
Generating docs for file video.h...
Generating docs for file videoio.h...
Generating docs for file videoio1394dc.h...
Generating docs for file vsdl.h...
Generating docs for file vxml.h...
Generating docs for file wxstring.h...
Generating docs for file xmpp.h...
Generating docs for file xmpp_c2s.h...
Generating docs for file xmpp_muc.h...
Generating docs for file xmpp_roster.h...
Generating page documentation...
Generating group documentation...
Generating group index...
Generating class documentation...
Generating annotated compound index...
Generating alphabetical compound index...
Generating hierarchical class index...
Generating member index...
Generating docs for compound _DnsAAAAData...
Generating docs for compound _DnsAData...
Generating docs for compound _DnsNULLData...
Generating docs for compound _DnsRecordFlags...
Generating docs for compound _DnsSRVData...
Generating docs for compound DNS_MX_DATA...
Generating docs for compound DNS_PTR_DATA...
Generating docs for compound DnsRecord...
Generating docs for compound Info...
Generating docs for compound LDAPPluginServiceDescriptor...
Generating docs for compound MXRecord...
Generating docs for compound P_fd_set...
Generating docs for compound P_timeval...
Generating docs for compound PAbstractArray...
Generating docs for compound PAbstractDictionary...
Generating docs for compound PAbstractList...
Generating docs for compound PAbstractSet...
Generating docs for compound PAbstractSortedList...
Generating docs for compound PAdaptiveDelay...
Generating docs for compound PAec...
Generating docs for compound PAllocatorTemplate...
Generating docs for compound PArgList...
Generating docs for compound PArray...
Generating docs for compound PArrayObjects...
Generating docs for compound PASN_Array...
Generating docs for compound PASN_BitString...
Generating docs /home/robertj/releases/ptlib/include/ptlib/object.h:1286: Warning: explicit link request to 'operator' could not be resolved
/home/robertj/releases/ptlib/include/ptlib/object.h:1286: Warning: explicit link request to 'operator' could not be resolved
/home/robertj/releases/ptlib/include/ptlib/object.h:1286: Warning: explicit link request to 'operator' could not be resolved
/home/robertj/releases/ptlib/include/ptlib/object.h:1286: Warning: explicit link request to 'operator' could not be resolved
/home/robertj/releases/ptlib/include/ptlib/object.h:1286: Warning: explicit link request to 'operator' could not be resolved
/home/robertj/releases/ptlib/include/ptlib/object.h:1286: Warning: explicit link request to 'operator' could not be resolved
/home/robertj/releases/ptlib/include/ptlib/object.h:1286: Warning: explicit link request to 'operator' could not be resolved
/home/robertj/releases/ptlib/include/ptlib/object.h:1286: Warning: explicit link request to 'operator' could not be resolved
/home/robertj/releases/ptlib/include/ptlib/object.h:1286: Warning: explicit link request to 'operator' could not be resolved
/home/robertj/releases/ptlib/include/ptlib/object.h:1286: Warning: explicit link request to 'operator' could not be resolved
/home/robertj/releases/ptlib/include/ptlib/object.h:1286: Warning: explicit link request to 'operator' could not be resolved
/home/robertj/releases/ptlib/include/ptlib/pdirect.h:317: Warning: End of list marker found without any preceding list items
for compound PASN_BMPString...
Generating docs for compound PASN_Boolean...
Generating docs for compound PASN_Choice...
Generating docs for compound PASN_ConstrainedObject...
Generating docs for compound PASN_ConstrainedString...
Generating docs for compound PASN_Enumeration...
Generating docs for compound PASN_GeneralisedTime...
Generating docs for compound PASN_Integer...
Generating docs for compound PASN_Names...
Generating docs for compound PASN_Null...
Generating docs for compound PASN_Object...
Generating docs for compound PASN_ObjectId...
Generating docs for compound PASN_OctetString...
Generating docs for compound PASN_Real...
Generating docs for compound PASN_Sequence...
Generating docs for compound PASN_Set...
Generating docs for compound PASN_Stream...
Generating docs for compound PASN_UniversalTime...
Generating docs for compound PASNCounter...
Generating docs for compound PASNGauge...
Generating docs for compound PASNInteger...
Generating docs for compound PASNIPAddress...
Generating docs for compound PASNNull...
Generating docs for compound PASNObject...
Generating docs for compound PASNObjectID...
Generating docs for compound PASNSequence...
Generating docs for compound PASNString...
Generating docs for compound PASNTimeTicks...
Generating docs for compound PASNUnsignedInteger...
Generating docs for compound PAtomicBase...
Generating docs for compound PAtomicBoolean...
Generating docs for compound PAtomicInteger...
Generating docs for compound PBase64...
Generating docs for compound PBaseArray...
Generating docs for compound PBitArray...
Generating docs for compound PBYTEArray...
Generating docs for compound PCaselessString...
Generating docs for compound PChannel...
Generating docs for nested compound PChannel::Slice...
Generating docs for compound PChannelStreamBuffer...
Generating docs for compound PCharArray...
Generating docs for compound PCLI...
Generating docs for nested compound PCLI::Arguments...
Generating docs for nested compound PCLI::Context...
Generating docs for nested compound PCLI::InternalCommand...
Generating docs for compound PCLISocket...
Generating docs for compound PCLIStandard...
Generating docs for compound PCLITelnet...
Generating docs for compound PCollection...
Generating docs for compound PColourConverter...
Generating docs for compound PColourConverterRegistration...
Generating docs for compound PCondMutex...
Generating docs for compound PConfig...
Generating docs for compound PConfigArgs...
Generating docs for compound PConfigPage...
Generating docs for compound PConfigSectionsPage...
Generating docs for compound PConsoleChannel...
Generating docs for compound PConstantString...
Generating docs for compound PContainer...
Generating docs for compound PContainerReference...
Generating docs for compound PCypher...
Generating docs for compound PDelayChannel...
Generating docs for compound PDevicePluginAdapter...
Generating docs for compound PDevicePluginAdapterBase...
Generating docs for compound PDevicePluginFactory...
Generating docs for nested compound PDevicePluginFactory::Worker...
Generating docs for compound PDevicePluginServiceDescriptor...
Generating docs for compound PDictionary...
Generating docs for compound PDirectory...
Generating docs for compound PDSNConnection...
Generating docs for compound PDTMFDecoder...
Generating docs for compound PDTMFEncoder...
Generating docs for compound PDWORDArray...
Generating docs for compound PDynaLink...
Generating docs for compound PEthSocket...
Generating docs for nested compound PEthSocket::Address...
Generating docs for nested compound PEthSocket::Frame...
Generating docs for compound PFactory...
Generating docs for nested compound PFactory::Worker...
Generating docs for nested compound PFactory::WorkerBase...
Generating docs for compound PFactoryBase...
Generating docs for nested compound PFactoryBase::FactoryMap...
Generating docs for compound PFile...
Generating docs for compound PFileInfo...
Generating docs for compound PFilePath...
Generating docs for compound PFilePathString...
Generating docs for compound PFixedPoolAllocator...
Generating docs for compound PFTP...
Generating docs for compound PFTPClient...
Generating docs for compound PFTPServer...
Generating docs for compound PGloballyUniqueID...
Generating docs for compound PHashTable...
Generating docs for compound PHashTableElement...
Generating docs for compound PHTML...
Generating docs for nested compound PHTML::Abbrev...
Generating docs for nested compound PHTML::Acronym...
Generating docs for nested compound PHTML::Address...
Generating docs for nested compound PHTML::Author...
Generating docs for nested compound PHTML::Banner...
Generating docs for nested compound PHTML::Big...
Generating docs for nested compound PHTML::BlockQuote...
Generating docs for nested compound PHTML::Body...
Generating docs for nested compound PHTML::Bold...
Generating docs for nested compound PHTML::BreakLine...
Generating docs for nested compound PHTML::BulletList...
Generating docs for nested compound PHTML::CheckBox...
Generating docs for nested compound PHTML::Cite...
Generating docs for nested compound PHTML::Code...
Generating docs for nested compound PHTML::Credit...
Generating docs for nested compound PHTML::Definition...
Generating docs for nested compound PHTML::DefinitionItem...
Generating docs for nested compound PHTML::DefinitionList...
Generating docs for nested compound PHTML::DefinitionTerm...
Generating docs for nested compound PHTML::DeletedText...
Generating docs for nested compound PHTML::Division...
Generating docs for nested compound PHTML::Element...
Generating docs for nested compound PHTML::Emphasis...
Generating docs for nested compound PHTML::FieldElement...
Generating docs for nested compound PHTML::Form...
Generating docs for nested compound PHTML::FormField...
Generating docs for nested compound PHTML::Head...
Generating docs for nested compound PHTML::Heading...
Generating docs for nested compound PHTML::HiddenField...
Generating docs for nested compound PHTML::HotLink...
Generating docs for nested compound PHTML::HRule...
Generating docs for nested compound PHTML::HTML...
Generating docs for nested compound PHTML::Image...
Generating docs for nested compound PHTML::ImageElement...
Generating docs for nested compound PHTML::InputField...
Generating docs for nested compound PHTML::InputFile...
Generating docs for nested compound PHTML::InputImage...
Generating docs for nested compound PHTML::InputNumber...
Generating docs for nested compound PHTML::InputPassword...
Generating docs for nested compound PHTML::InputRange...
Generating docs for nested compound PHTML::InputScribble...
Generating docs for nested compound PHTML::InputText...
Generating docs for nested compound PHTML::InsertedText...
Generating docs for nested compound PHTML::Italic...
Generating docs for nested compound PHTML::Keyboard...
Generating docs for nested compound PHTML::ListHeading...
Generating docs for nested compound PHTML::ListItem...
Generating docs for nested compound PHTML::Note...
Generating docs for nested compound PHTML::Option...
Generating docs for nested compound PHTML::OrderedList...
Generating docs for nested compound PHTML::Paragraph...
Generating docs for nested compound PHTML::Person...
Generating docs for nested compound PHTML::PreFormat...
Generating docs for nested compound PHTML::Quote...
Generating docs for nested compound PHTML::RadioButton...
Generating docs for nested compound PHTML::ResetButton...
Generating docs for nested compound PHTML::Sample...
Generating docs for nested compound PHTML::Select...
Generating docs for nested compound PHTML::SetTab...
Generating docs for nested compound PHTML::SimpleList...
Generating docs for nested compound PHTML::Small...
Generating docs for nested compound PHTML::StrikeThrough...
Generating docs for nested compound PHTML::Strong...
Generating docs for nested compound PHTML::SubmitButton...
Generating docs for nested compound PHTML::Subscript...
Generating docs for nested compound PHTML::Superscript...
Generating docs for nested compound PHTML::Tab...
Generating docs for nested compound PHTML::TableData...
Generating docs for nested compound PHTML::TableEnd...
Generating docs for nested compound PHTML::TableHeader...
Generating docs for nested compound PHTML::TableRow...
Generating docs for nested compound PHTML::TableStart...
Generating docs for nested compound PHTML::Target...
Generating docs for nested compound PHTML::TeleType...
Generating docs for nested compound PHTML::TextArea...
Generating docs for nested compound PHTML::Title...
Generating docs for nested compound PHTML::Underline...
Generating docs for nested compound PHTML::Variable...
Generating docs for compound PHTTP...
Generating docs for compound PHTTPAuthority...
Generating docs for compound PHTTPBooleanField...
Generating docs for compound PHTTPClient...
Generating docs for compound PHTTPClientAuthentication...
Generating docs for nested compound PHTTPClientAuthentication::AuthObject...
Generating docs for compound PHTTPClientAuthenticator...
Generating docs for compound PHTTPClientBasicAuthentication...
Generating docs for compound PHTTPClientDigestAuthentication...
Generating docs for compound PHTTPCompositeField...
Generating docs for compound PHTTPConfig...
Generating docs for compound PHTTPConfigSectionList...
Generating docs for compound PHTTPConnectionInfo...
Generating docs for compound PHTTPDateField...
Generating docs for compound PHTTPDirectory...
Generating docs for compound PHTTPDirRequest...
Generating docs for compound PHTTPField...
Generating docs for compound PHTTPFieldArray...
Generating docs for compound PHTTPFile...
Generating docs for compound PHTTPFileRequest...
Generating docs for compound PHTTPForm...
Generating docs for compound PHTTPIntegerField...
Generating docs for compound PHTTPMultiSimpAuth...
Generating docs for compound PHTTPPasswordField...
Generating docs for compound PHTTPRadioField...
Generating docs for compound PHTTPRequest...
Generating docs for compound PHTTPResource...
Generating docs for compound PHTTPSelectField...
Generating docs for compound PHTTPServer...
Generating docs for compound PHTTPServiceProcess...
Generating docs for nested compound PHTTPServiceProcess::Info...
Generating docs for compound PHTTPServiceThread...
Generating docs for compound PHTTPSimpleAuth...
Generating docs for compound PHTTPSpace...
Generating docs for nested compound PHTTPSpace::Node...
Generating docs for compound PHTTPString...
Generating docs for compound PHTTPStringField...
Generating docs for compound PHTTPSubForm...
Generating docs for compound PHTTPTailFile...
Generating docs for compound PICMPSocket...
Generating docs for nested compound PICMPSocket::PingInfo...
Generating docs for compound PILSSession...
Generating docs for nested compound PILSSession::MSIPAddress...
Generating docs for compound PIndirectChannel...
Generating docs for compound PIntArray...
Generating docs for compound PIntCondMutex...
Generating docs for compound PInterfaceFilter...
Generating docs for compound PInterfaceMonitor...
Generating docs for compound PInterfaceMonitorClient...
Generating docs for compound PInternetProtocol...
Generating docs for compound PIntReversedOrder...
Generating docs for compound PIntSameOrder...
Generating docs for compound PIpAccessControlEntry...
Generating docs for compound PIpAccessControlList...
Generating docs for compound PIPDatagramSocket...
Generating docs for compound PIPSocket...
Generating docs for nested compound PIPSocket::Address...
Generating docs for nested compound PIPSocket::InterfaceEntry...
Generating docs for nested compound PIPSocket::RouteEntry...
Generating docs for nested compound PIPSocket::RouteTableDetector...
Generating docs for compound PIPSocketAddressAndPort...
Generating docs for compound PLDAPAttributeBase...
Generating docs for compound PLDAPSchema...
Generating docs for nested compound PLDAPSchema::Attribute...
Generating docs for compound PLDAPSession...
Generating docs for nested compound PLDAPSession::BinaryModAttrib...
Generating docs for nested compound PLDAPSession::ModAttrib...
Generating docs for nested compound PLDAPSession::SearchContext...
Generating docs for nested compound PLDAPSession::StringModAttrib/home/robertj/releases/ptlib/include/ptlib/object.h:1286: Warning: explicit link request to 'operator' could not be resolved
/home/robertj/releases/ptlib/include/ptlib/object.h:1286: Warning: explicit link request to 'operator' could not be resolved
/home/robertj/releases/ptlib/include/ptlib/object.h:1286: Warning: explicit link request to 'operator' could not be resolved
/home/robertj/releases/ptlib/include/ptlib/object.h:1296: Warning: explicit link request to 'operator' could not be resolved
...
Generating docs for compound PLDAPStructBase...
Generating docs for compound PLibraryProcess...
Generating docs for compound PList...
Generating docs for nested compound PList::const_iterator...
Generating docs for nested compound PList::iterator...
Generating docs for nested compound PList::iterator_base...
Generating docs for compound PListElement...
Generating docs for compound PListInfo...
Generating docs for compound PLongArray...
Generating docs for compound PMail...
Generating docs for nested compound PMail::Header...
Generating docs for compound PMemoryAllocationBreakpoint...
Generating docs for compound PMemoryFile...
Generating docs for compound PMemoryHeap...
Generating docs for nested compound PMemoryHeap::Header...
Generating docs for nested compound PMemoryHeap::State...
Generating docs for nested compound PMemoryHeap::Wrapper...
Generating docs for compound PMemoryHeapIgnoreAllocationsForScope...
Generating docs for compound PMessageDigest...
Generating docs for nested compound PMessageDigest::Result...
Generating docs for compound PMessageDigest5...
Generating docs for nested compound PMessageDigest5::Code...
Generating docs for compound PMIMEInfo...
Generating docs for compound PModem...
Generating docs for compound PMonitoredSocketBundle...
Generating docs for compound PMonitoredSocketChannel...
Generating docs for compound PMonitoredSockets...
Generating docs for nested compound PMonitoredSockets::SocketInfo...
Generating docs for compound PMultiPartInfo...
Generating docs for compound PMultiPartList...
Generating docs for compound PMutex...
Generating docs for compound PNatMethod...
Generating docs for nested compound PNatMethod::PortInfo...
Generating docs for compound PNatMethodServiceDescriptor...
Generating docs for compound PNatStrategy...
Generating docs for compound PNotifier...
Generating docs for compound PNotifierFunctionTemplate...
Generating docs for compound PNotifierList...
Generating docs for compound PNotifierTemplate...
Generating docs for compound PObject...
Generating docs for compound PODBC...
Generating docs for nested compound PODBC::ConnectData...
Generating docs for nested compound PODBC::Field...
Generating docs for nested compound PODBC::Field::Bind...
Generating docs for nested compound PODBC::Row...
Generating docs for nested compound PODBC::Table...
Generating docs for compound PODBCRecord...
Generating docs for compound PODBCStmt...
Generating docs for compound POrdinalDictionary...
Generating docs for compound POrdinalKey...
Generating docs for compound POrdinalToString...
Generating docs for nested compound POrdinalToString::Initialiser...
Generating docs for compound PPipeChannel...
Generating docs for compound PPluginManager...
Generating docs for compound PPluginModuleManager...
Generating docs for compound PPluginService...
Generating docs for compound PPluginServiceDescriptor...
Generating docs for compound PPluginSuffix...
Generating docs for compound PPOP3...
Generating docs for compound PPOP3Client...
Generating docs for compound PPOP3Server...
Generating docs for compound PProcess...
Generating docs for nested compound PProcess::HostSystemURLHandlerInfo...
Generating docs for compound PProcessStartup...
Generating docs for compound PQoS...
Generating docs for compound PQueue...
Generating docs for compound PQueueChannel...
Generating docs for compound PQueuedThreadPool...
Generating docs for nested compound PQueuedThreadPool::QueuedWorkerThread...
Generating docs for compound PRandom...
Generating docs for compound PReadWaitAndSignal...
Generating docs for compound PReadWriteMutex...
Generating docs for nested compound PReadWriteMutex::Nest...
Generating docs for compound PRegisterPage...
Generating docs for compound PRegularExpression...
Generating docs for compound PRemoteConnection...
Generating docs for nested compound PRemoteConnection::Configuration...
Generating docs for compound PRFC1155_ApplicationSyntax...
Generating docs for compound PRFC1155_Counter...
Generating docs for compound PRFC1155_Gauge...
Generating docs for compound PRFC1155_IpAddress/home/robertj/releases/ptlib/include/ptlib/safecoll.h:532: Warning: explicit link request to 'operator' could not be resolved
/home/robertj/releases/ptlib/include/ptlib/object.h:1286: Warning: explicit link request to 'operator' could not be resolved
/home/robertj/releases/ptlib/include/ptlib/object.h:1286: Warning: explicit link request to 'operator' could not be resolved
/home/robertj/releases/ptlib/include/ptlib/object.h:1286: Warning: explicit link request to 'operator' could not be resolved
/home/robertj/releases/ptlib/include/ptlib/object.h:1286: Warning: explicit link request to 'operator' could not be resolved
/home/robertj/releases/ptlib/include/ptlib/object.h:1286: Warning: explicit link request to 'operator' could not be resolved
...
Generating docs for compound PRFC1155_NetworkAddress...
Generating docs for compound PRFC1155_ObjectName...
Generating docs for compound PRFC1155_ObjectSyntax...
Generating docs for compound PRFC1155_Opaque...
Generating docs for compound PRFC1155_SimpleSyntax...
Generating docs for compound PRFC1155_TimeTicks...
Generating docs for compound PRFC822Channel...
Generating docs for compound PSafeArray...
Generating docs for compound PSafeColl...
Generating docs for compound PSafeCollection...
Generating docs for compound PSafeDictionary...
Generating docs for compound PSafeDictionaryBase...
Generating docs for compound PSafeList...
Generating docs for compound PSafeLockReadOnly...
Generating docs for compound PSafeLockReadWrite...
Generating docs for compound PSafeObject...
Generating docs for compound PSafePtr...
Generating docs for compound PSafePtrBase...
Generating docs for compound PSafePtrMultiThreaded...
Generating docs for compound PSafeSortedList...
Generating docs for compound PScalarArray...
Generating docs for compound PSecureConfig...
Generating docs for compound PSecureHTTPServiceProcess...
Generating docs for compound PSemaphore...
Generating docs for compound PSerialChannel...
Generating docs for compound PServiceHTML...
Generating docs for compound PServiceHTTPDirectory...
Generating docs for compound PServiceHTTPFile...
Generating docs for compound PServiceHTTPString...
Generating docs for compound PServiceMacro...
Generating docs for compound PServiceProcess...
Generating docs for compound PSet...
Generating docs for compound PSharedPtr...
Generating docs for compound PShortArray...
Generating docs for compound PSimpleTimer...
Generating docs for compound PSingleMonitoredSocket...
Generating docs for compound PSmartNotifieeRegistrar...
Generating docs for compound PSmartNotifierFunction...
Generating docs for compound PSmartObject...
Generating docs for compound PSmartPointer...
Generating docs for compound PSmartPtr...
Generating docs for compound PSMTP...
Generating docs for compound PSMTPClient...
Generating docs for compound PSMTPServer...
Generating docs for compound PSNMP...
Generating docs for compound PSNMP_GetNextRequest_PDU...
Generating docs for compound PSNMP_GetRequest_PDU...
Generating docs for compound PSNMP_GetResponse_PDU...
Generating docs for compound PSNMP_Message...
Generating docs for compound PSNMP_PDU...
Generating docs for compound PSNMP_PDUs...
Generating docs for compound PSNMP_SetRequest_PDU...
Generating docs for compound PSNMP_Trap_PDU...
Generating docs for compound PSNMP_VarBind...
Generating docs for compound PSNMP_VarBindList...
Generating docs for compound PSNMPClient...
Generating docs for compound PSNMPServer...
Generating docs for compound PSNMPVarBindingList...
Generating docs for compound PSOAPClient...
Generating docs for compound PSOAPMessage...
Generating docs for compound PSOAPServerMethod...
Generating docs for compound PSOAPServerRequestResponse...
Generating docs for compound PSOAPServerResource...
Generating docs for compound PSocket...
Generating docs for nested compound PSocket::SelectList...
Generating docs for compound PSocks4Socket...
Generating docs for compound PSocks5Socket...
Generating docs for compound PSocksProtocol...
Generating docs for compound PSocksSocket...
Generating docs for compound PSocksUDPSocket...
Generating docs for compound PSortedList...
Generating docs for compound PSortedListElement...
Generating docs for compound PSortedListInfo...
Generating docs for compound PSortedStringList...
Generating docs for compound PSound...
Generating docs for compound PSoundChannel...
Generating docs for compound PSoundChannelPluginServiceDescriptor...
Generating docs for compound PSSLCertificate...
Generating docs for compound PSSLChannel...
Generating docs for compound PSSLContext...
Generating docs for compound PSSLDiffieHellman...
Generating docs for compound PSSLPrivateKey...
Generating docs for compound PStack...
Generating docs for compound PString...
Generating docs for compound PStringArray...
Generating docs for compound PStringDictio/home/robertj/releases/ptlib/include/ptlib/object.h:328: Warning: explicit link request to 'SetStream(new PSystemLog)' could not be resolved
<OutputVars>:1: Warning: Found unknown command `\0'
/home/robertj/releases/ptlib/include/ptlib/object.h:1286: Warning: explicit link request to 'operator' could not be resolved
/home/robertj/releases/ptlib/include/ptlib/object.h:1296: Warning: explicit link request to 'operator' could not be resolved
/home/robertj/releases/ptlib/include/ptlib/object.h:1286: Warning: explicit link request to 'operator' could not be resolved
/home/robertj/releases/ptlib/include/ptlib/object.h:1296: Warning: explicit link request to 'operator' could not be resolved
/home/robertj/releases/ptlib/include/ptlib/object.h:1286: Warning: explicit link request to 'operator' could not be resolved
/home/robertj/releases/ptlib/include/ptlib/object.h:1296: Warning: explicit link request to 'operator' could not be resolved
/home/robertj/releases/ptlib/include/ptlib/object.h:1286: Warning: explicit link request to 'operator' could not be resolved
/home/robertj/releases/ptlib/include/ptlib/object.h:1296: Warning: explicit link request to 'operator' could not be resolved
/home/robertj/releases/ptlib/include/ptlib/object.h:1286: Warning: explicit link request to 'operator' could not be resolved
/home/robertj/releases/ptlib/include/ptlib/object.h:1296: Warning: explicit link request to 'operator' could not be resolved
/home/robertj/releases/ptlib/include/ptlib/video.h:146: Warning: End of list marker found without any preceding list items
nary...
Generating docs for compound PStringList...
Generating docs for compound PStringOptions...
Generating docs for compound PStringSet...
Generating docs for compound PStringStream...
Generating docs for compound PStringToOrdinal...
Generating docs for nested compound PStringToOrdinal::Initialiser...
Generating docs for compound PStringToString...
Generating docs for nested compound PStringToString::Initialiser...
Generating docs for compound PStructuredFile...
Generating docs for nested compound PStructuredFile::Element...
Generating docs for compound PSTUNClient...
Generating docs for compound PSTUNUDPSocket...
Generating docs for compound PSync...
Generating docs for compound PSyncNULL...
Generating docs for compound PSyncPoint...
Generating docs for compound PSyncPointAck...
Generating docs for compound PSynonymColour...
Generating docs for compound PSynonymColourRegistration...
Generating docs for compound PSystemLog...
Generating docs for compound PSystemLogTarget...
Generating docs for compound PSystemLogToFile...
Generating docs for compound PSystemLogToNetwork...
Generating docs for compound PSystemLogToNowhere...
Generating docs for compound PSystemLogToStderr...
Generating docs for compound PSystemLogToSyslog...
Generating docs for compound PTCPSocket...
Generating docs for compound PTEACypher...
Generating docs for nested compound PTEACypher::Key...
Generating docs for compound PTelnetSocket...
Generating docs for nested compound PTelnetSocket::OptionInfo...
Generating docs for compound PTextFile...
Generating docs for compound PThread...
Generating docs for nested compound PThread::Times...
Generating docs for compound PThread1Arg...
Generating docs for compound PThread2Arg...
Generating docs for compound PThread3Arg...
Generating docs for compound PThreadMain...
Generating docs for compound PThreadObj...
Generating docs for compound PThreadObj1Arg...
Generating docs for compound PThreadObj2Arg...
Generating docs for compound PThreadPool...
Generating docs for nested compound PThreadPool::GroupInfo...
Generating docs for nested compound PThreadPool::InternalWork...
Generating docs for nested compound PThreadPool::WorkerThread...
Generating docs for compound PThreadPoolBase...
Generating docs for nested compound PThreadPoolBase::InternalWorkBase...
Generating docs for nested compound PThreadPoolBase::WorkerThreadBase...
Generating docs for compound PTime...
Generating docs for compound PTimedMutex...
Generating docs for compound PTimeInterval...
Generating docs for compound PTimer...
Generating docs for compound PTimerList...
Generating docs for nested compound PTimerList::RequestType...
Generating docs for compound PTones...
Generating docs for compound PTrace...
Generating docs for nested compound PTrace::Block...
Generating docs for compound PUDPSocket...
Generating docs for compound PUnsignedArray...
Generating docs for compound PURL...
Generating docs for compound PURLLegacyScheme...
Generating docs for compound PURLLoader...
Generating docs for compound PURLScheme...
Generating docs for compound PVariablePoolAllocator...
Generating docs for compound PvCard...
Generating docs for nested compound PvCard::Address...
Generating docs for nested compound PvCard::EMail...
Generating docs for nested compound PvCard::ExtendedType...
Generating docs for nested compound PvCard::InlineValue...
Generating docs for nested compound PvCard::MultiValue...
Generating docs for nested compound PvCard::ParamValue...
Generating docs for nested compound PvCard::ParamValues...
Generating docs for nested compound PvCard::Separator...
Generating docs for nested compound PvCard::Telephone...
Generating docs for nested compound PvCard::TextValue...
Generating docs for nested compound PvCard::TextValues...
Generating docs for nested compound PvCard::Token...
Generating docs for nested compound PvCard::TypeValues...
Generating docs for nested compound PvCard::URIValue...
Generating docs for compound PVideoChannel...
Generating docs for compound PVideoControlInfo...
Generating docs for compound PVideoDevice...
Generating docs for/home/robertj/releases/ptlib/include/ptlib/videoio.h:91: Warning: explicit link request to 'operator' could not be resolved
/home/robertj/releases/ptlib/include/ptlib/object.h:1286: Warning: explicit link request to 'operator' could not be resolved
/home/robertj/releases/ptlib/include/ptlib/object.h:1296: Warning: explicit link request to 'operator' could not be resolved
/home/robertj/releases/ptlib/include/ptlib/object.h:1286: Warning: explicit link request to 'operator' could not be resolved
/home/robertj/releases/ptlib/include/ptlib/object.h:1286: Warning: explicit link request to 'operator' could not be resolved
/home/robertj/releases/ptlib/include/ptlib/object.h:1286: Warning: explicit link request to 'operator' could not be resolved
/home/robertj/releases/ptlib/include/ptlib/object.h:1286: Warning: explicit link request to 'operator' could not be resolved
/home/robertj/releases/ptlib/include/ptlib/object.h:1286: Warning: explicit link request to 'operator' could not be resolved
/home/robertj/releases/ptlib/include/ptlib/object.h:1286: Warning: explicit link request to 'operator' could not be resolved
 nested compound PVideoDevice::OpenArgs...
Generating docs for compound PVideoFont...
Generating docs for nested compound PVideoFont::LetterData...
Generating docs for compound PVideoFrameInfo...
Generating docs for compound PVideoInput1394DcDevice...
Generating docs for compound PVideoInputControl...
Generating docs for compound PVideoInputDevice...
Generating docs for nested compound PVideoInputDevice::Capabilities...
Generating docs for compound PVideoInputPluginServiceDescriptor...
Generating docs for compound PVideoInteractionInfo...
Generating docs for compound PVideoOutputDevice...
Generating docs for compound PVideoOutputDeviceRGB...
Generating docs for compound PVideoOutputPluginServiceDescriptor...
Generating docs for compound PVXMLCache...
Generating docs for compound PVXMLChannel...
Generating docs for compound PVXMLDigitsGrammar...
Generating docs for compound PVXMLGrammar...
Generating docs for compound PVXMLMenuGrammar...
Generating docs for compound PVXMLNodeHandler...
Generating docs for compound PVXMLPlayable...
Generating docs for compound PVXMLPlayableCommand...
Generating docs for compound PVXMLPlayableData...
Generating docs for compound PVXMLPlayableFile...
Generating docs for compound PVXMLPlayableFileList...
Generating docs for compound PVXMLPlayableStop...
Generating docs for compound PVXMLPlayableTone...
Generating docs for compound PVXMLPlayableURL...
Generating docs for compound PVXMLRecordable...
Generating docs for compound PVXMLRecordableFilename...
Generating docs for compound PVXMLSession...
Generating docs for compound PWaitAndSignal...
Generating docs for compound PWAVFile...
Generating docs for compound PWAVFileConverter...
Generating docs for compound PWAVFileFormat...
Generating docs for compound PWORDArray...
Generating docs for compound PWriteWaitAndSignal...
Generating docs for compound PwxString...
Generating docs for compound PXML...
Generating docs for nested compound PXML::ValidationContext...
Generating docs for nested compound PXML::ValidationInfo...
Generating docs for compound PXML_HTTP...
Generating docs for compound PXMLBase...
Generating docs for compound PXMLData...
Generating docs for compound PXMLElement...
Generating docs for compound PXMLObject...
Generating docs for compound PXMLParser...
Generating docs for compound PXMLRPC...
Generating docs for compound PXMLRPCArrayBase...
Generating docs for compound PXMLRPCArrayObjectsBase...
Generating docs for compound PXMLRPCBlock...
Generating docs for compound PXMLRPCServerMethod...
Generating docs for compound PXMLRPCServerParms...
Generating docs for compound PXMLRPCServerResource...
Generating docs for compound PXMLRPCStructBase...
Generating docs for compound PXMLRPCVariableBase...
Generating docs for compound PXMLSettings...
Generating docs for compound PXMLStreamParser...
Generating namespace index...
Generating docs for namespace PDNS
Generating docs for compound PDNS::NAPTRRecord...
Generating docs for compound PDNS::SRVRecord...
Generating docs for namespace PWAV
Generating docs for compound PWAV::ChunkHeader...
Generating docs for compound PWAV::RIFFChunkHeader...
Generating docs for compound PWAV::FMTChunk...
Generating docs for namespace XMPP
Generating docs for compound XMPP::JID...
Generating docs for compound XMPP::BareJID...
Generating docs for compound XMPP::Transport...
Generating docs for compound XMPP::Stream...
Generating docs for compound XMPP::BaseStreamHandler...
Generating docs for compound XMPP::Stanza...
Generating docs for compound XMPP::Message...
Generating docs for compound XMPP::Presence...
Generating docs for compound XMPP::IQ...
Generating docs for compound XMPP::Identity...
Generating docs for compound XMPP::Roster...
Generating docs for nested compound XMPP::Roster::Item...
Generating docs for namespace XMPP::C2S
Generating docs for compound XMPP::C2S::TCPTransport...
Generating docs for compound XMPP::C2S::StreamHandler...
Generating docs for namespace XMPP::Disco
Generating docs for compound XMPP::Disco::Item...
Generating docs for namespace XMPP::MUC
Generating docs for compound XMPP::MUC::User...
Generating docs for compound XMPP::MUC::Room...
Generating namespace member index...
Generating graph info page...
Generating directory documentation...
Generating file index...
Generating directory index...
Generating example index...
Generating file member index...
Generating page index...
Generating search index
